{"/usr/src/app/src/models/user/user.ts":{"path":"/usr/src/app/src/models/user/user.ts","statementMap":{"0":{"start":{"line":2,"column":22},"end":{"line":4,"column":1}},"1":{"start":{"line":3,"column":4},"end":{"line":3,"column":62}},"2":{"start":{"line":5,"column":0},"end":{"line":5,"column":62}},"3":{"start":{"line":6,"column":0},"end":{"line":6,"column":27}},"4":{"start":{"line":7,"column":19},"end":{"line":7,"column":38}},"5":{"start":{"line":8,"column":21},"end":{"line":8,"column":44}},"6":{"start":{"line":9,"column":21},"end":{"line":9,"column":44}},"7":{"start":{"line":10,"column":15},"end":{"line":10,"column":32}},"8":{"start":{"line":11,"column":22},"end":{"line":11,"column":80}},"9":{"start":{"line":12,"column":19},"end":{"line":12,"column":40}},"10":{"start":{"line":13,"column":20},"end":{"line":13,"column":42}},"11":{"start":{"line":14,"column":16},"end":{"line":14,"column":34}},"12":{"start":{"line":15,"column":15},"end":{"line":15,"column":38}},"13":{"start":{"line":16,"column":23},"end":{"line":16,"column":82}},"14":{"start":{"line":17,"column":19},"end":{"line":65,"column":2}},"15":{"start":{"line":31,"column":24},"end":{"line":31,"column":26}},"16":{"start":{"line":36,"column":24},"end":{"line":36,"column":26}},"17":{"start":{"line":46,"column":24},"end":{"line":46,"column":26}},"18":{"start":{"line":51,"column":24},"end":{"line":51,"column":26}},"19":{"start":{"line":56,"column":24},"end":{"line":56,"column":26}},"20":{"start":{"line":61,"column":24},"end":{"line":61,"column":26}},"21":{"start":{"line":66,"column":0},"end":{"line":70,"column":2}},"22":{"start":{"line":67,"column":4},"end":{"line":69,"column":7}},"23":{"start":{"line":71,"column":0},"end":{"line":87,"column":2}},"24":{"start":{"line":72,"column":4},"end":{"line":74,"column":5}},"25":{"start":{"line":73,"column":8},"end":{"line":73,"column":104}},"26":{"start":{"line":75,"column":17},"end":{"line":75,"column":35}},"27":{"start":{"line":76,"column":4},"end":{"line":78,"column":5}},"28":{"start":{"line":77,"column":8},"end":{"line":77,"column":79}},"29":{"start":{"line":79,"column":4},"end":{"line":81,"column":5}},"30":{"start":{"line":80,"column":8},"end":{"line":80,"column":88}},"31":{"start":{"line":82,"column":4},"end":{"line":82,"column":36}},"32":{"start":{"line":83,"column":4},"end":{"line":83,"column":33}},"33":{"start":{"line":84,"column":4},"end":{"line":84,"column":28}},"34":{"start":{"line":85,"column":4},"end":{"line":85,"column":22}},"35":{"start":{"line":86,"column":4},"end":{"line":86,"column":47}},"36":{"start":{"line":88,"column":0},"end":{"line":97,"column":2}},"37":{"start":{"line":89,"column":17},"end":{"line":89,"column":40}},"38":{"start":{"line":90,"column":4},"end":{"line":92,"column":5}},"39":{"start":{"line":91,"column":8},"end":{"line":91,"column":74}},"40":{"start":{"line":93,"column":4},"end":{"line":93,"column":38}},"41":{"start":{"line":94,"column":4},"end":{"line":94,"column":37}},"42":{"start":{"line":95,"column":4},"end":{"line":95,"column":22}},"43":{"start":{"line":96,"column":4},"end":{"line":96,"column":27}},"44":{"start":{"line":98,"column":0},"end":{"line":113,"column":2}},"45":{"start":{"line":99,"column":26},"end":{"line":99,"column":49}},"46":{"start":{"line":100,"column":22},"end":{"line":100,"column":66}},"47":{"start":{"line":101,"column":4},"end":{"line":103,"column":5}},"48":{"start":{"line":102,"column":8},"end":{"line":102,"column":15}},"49":{"start":{"line":104,"column":4},"end":{"line":109,"column":5}},"50":{"start":{"line":105,"column":8},"end":{"line":105,"column":42}},"51":{"start":{"line":108,"column":8},"end":{"line":108,"column":44}},"52":{"start":{"line":110,"column":4},"end":{"line":110,"column":40}},"53":{"start":{"line":111,"column":4},"end":{"line":111,"column":47}},"54":{"start":{"line":112,"column":4},"end":{"line":112,"column":22}},"55":{"start":{"line":114,"column":0},"end":{"line":116,"column":2}},"56":{"start":{"line":115,"column":4},"end":{"line":115,"column":64}},"57":{"start":{"line":117,"column":0},"end":{"line":120,"column":2}},"58":{"start":{"line":118,"column":17},"end":{"line":118,"column":60}},"59":{"start":{"line":119,"column":4},"end":{"line":119,"column":16}},"60":{"start":{"line":121,"column":18},"end":{"line":121,"column":59}},"61":{"start":{"line":122,"column":0},"end":{"line":122,"column":30}}},"fnMap":{"0":{"name":"(anonymous_0)","decl":{"start":{"line":2,"column":56},"end":{"line":2,"column":57}},"loc":{"start":{"line":2,"column":71},"end":{"line":4,"column":1}},"line":2},"1":{"name":"(anonymous_1)","decl":{"start":{"line":31,"column":17},"end":{"line":31,"column":18}},"loc":{"start":{"line":31,"column":24},"end":{"line":31,"column":26}},"line":31},"2":{"name":"(anonymous_2)","decl":{"start":{"line":36,"column":17},"end":{"line":36,"column":18}},"loc":{"start":{"line":36,"column":24},"end":{"line":36,"column":26}},"line":36},"3":{"name":"(anonymous_3)","decl":{"start":{"line":46,"column":17},"end":{"line":46,"column":18}},"loc":{"start":{"line":46,"column":24},"end":{"line":46,"column":26}},"line":46},"4":{"name":"(anonymous_4)","decl":{"start":{"line":51,"column":17},"end":{"line":51,"column":18}},"loc":{"start":{"line":51,"column":24},"end":{"line":51,"column":26}},"line":51},"5":{"name":"(anonymous_5)","decl":{"start":{"line":56,"column":17},"end":{"line":56,"column":18}},"loc":{"start":{"line":56,"column":24},"end":{"line":56,"column":26}},"line":56},"6":{"name":"(anonymous_6)","decl":{"start":{"line":61,"column":17},"end":{"line":61,"column":18}},"loc":{"start":{"line":61,"column":24},"end":{"line":61,"column":26}},"line":61},"7":{"name":"(anonymous_7)","decl":{"start":{"line":66,"column":39},"end":{"line":66,"column":40}},"loc":{"start":{"line":66,"column":55},"end":{"line":70,"column":1}},"line":66},"8":{"name":"(anonymous_8)","decl":{"start":{"line":71,"column":29},"end":{"line":71,"column":30}},"loc":{"start":{"line":71,"column":48},"end":{"line":87,"column":1}},"line":71},"9":{"name":"(anonymous_9)","decl":{"start":{"line":88,"column":30},"end":{"line":88,"column":31}},"loc":{"start":{"line":88,"column":49},"end":{"line":97,"column":1}},"line":88},"10":{"name":"(anonymous_10)","decl":{"start":{"line":98,"column":31},"end":{"line":98,"column":32}},"loc":{"start":{"line":98,"column":50},"end":{"line":113,"column":1}},"line":98},"11":{"name":"(anonymous_11)","decl":{"start":{"line":114,"column":40},"end":{"line":114,"column":41}},"loc":{"start":{"line":114,"column":52},"end":{"line":116,"column":1}},"line":114},"12":{"name":"(anonymous_12)","decl":{"start":{"line":117,"column":30},"end":{"line":117,"column":31}},"loc":{"start":{"line":117,"column":48},"end":{"line":120,"column":1}},"line":117}},"branchMap":{"0":{"loc":{"start":{"line":2,"column":22},"end":{"line":4,"column":1}},"type":"binary-expr","locations":[{"start":{"line":2,"column":23},"end":{"line":2,"column":27}},{"start":{"line":2,"column":31},"end":{"line":2,"column":51}},{"start":{"line":2,"column":56},"end":{"line":4,"column":1}}],"line":2},"1":{"loc":{"start":{"line":3,"column":11},"end":{"line":3,"column":61}},"type":"cond-expr","locations":[{"start":{"line":3,"column":37},"end":{"line":3,"column":40}},{"start":{"line":3,"column":43},"end":{"line":3,"column":61}}],"line":3},"2":{"loc":{"start":{"line":3,"column":12},"end":{"line":3,"column":33}},"type":"binary-expr","locations":[{"start":{"line":3,"column":12},"end":{"line":3,"column":15}},{"start":{"line":3,"column":19},"end":{"line":3,"column":33}}],"line":3},"3":{"loc":{"start":{"line":72,"column":4},"end":{"line":74,"column":5}},"type":"if","locations":[{"start":{"line":72,"column":4},"end":{"line":74,"column":5}},{"start":{},"end":{}}],"line":72},"4":{"loc":{"start":{"line":76,"column":4},"end":{"line":78,"column":5}},"type":"if","locations":[{"start":{"line":76,"column":4},"end":{"line":78,"column":5}},{"start":{},"end":{}}],"line":76},"5":{"loc":{"start":{"line":79,"column":4},"end":{"line":81,"column":5}},"type":"if","locations":[{"start":{"line":79,"column":4},"end":{"line":81,"column":5}},{"start":{},"end":{}}],"line":79},"6":{"loc":{"start":{"line":90,"column":4},"end":{"line":92,"column":5}},"type":"if","locations":[{"start":{"line":90,"column":4},"end":{"line":92,"column":5}},{"start":{},"end":{}}],"line":90},"7":{"loc":{"start":{"line":101,"column":4},"end":{"line":103,"column":5}},"type":"if","locations":[{"start":{"line":101,"column":4},"end":{"line":103,"column":5}},{"start":{},"end":{}}],"line":101},"8":{"loc":{"start":{"line":104,"column":4},"end":{"line":109,"column":5}},"type":"if","locations":[{"start":{"line":104,"column":4},"end":{"line":109,"column":5}},{"start":{"line":107,"column":9},"end":{"line":109,"column":5}}],"line":104}},"s":{"0":1,"1":2,"2":1,"3":1,"4":1,"5":1,"6":1,"7":1,"8":1,"9":1,"10":1,"11":1,"12":1,"13":1,"14":1,"15":10,"16":10,"17":10,"18":10,"19":10,"20":10,"21":1,"22":0,"23":1,"24":2,"25":0,"26":2,"27":2,"28":0,"29":2,"30":0,"31":2,"32":2,"33":2,"34":2,"35":2,"36":1,"37":1,"38":1,"39":0,"40":1,"41":1,"42":1,"43":1,"44":1,"45":1,"46":1,"47":1,"48":0,"49":1,"50":1,"51":0,"52":1,"53":1,"54":1,"55":1,"56":0,"57":1,"58":1,"59":1,"60":1,"61":1},"f":{"0":2,"1":10,"2":10,"3":10,"4":10,"5":10,"6":10,"7":0,"8":2,"9":1,"10":1,"11":0,"12":1},"b":{"0":[1,1,1],"1":[2,0],"2":[2,2],"3":[0,2],"4":[0,2],"5":[0,2],"6":[0,1],"7":[0,1],"8":[1,0]},"inputSourceMap":{"version":3,"file":"/usr/src/app/src/models/user/user.ts","sources":["/usr/src/app/src/models/user/user.ts"],"names":[],"mappings":";;;;;;AACA,uCAAkE;AAClE,6CAAkE;AAClE,6CAAkE;AAClE,iCAAgD;AAChD,iFAAyD;AACzD,yCAAsD;AACtD,2CAA+D;AAC/D,mCAAmD;AACnD,uCAAsD;AAEtD,mFAA2D;AAgC3D,MAAM,UAAU,GAAW,IAAI,iBAAM,CACjC;IACI,EAAE,EAAE;QACA,IAAI,EAAE,MAAM;QACZ,QAAQ,EAAE,IAAI;QACd,MAAM,EAAE,IAAI;KACf;IACD,IAAI,EAAE;QACF,IAAI,EAAE,MAAM;QACZ,QAAQ,EAAE,IAAI;QACd,OAAO,EAAE,CAAC;KACb;IACD,UAAU,EAAE;QACR,IAAI,EAAE,6BAAgB;QACtB,QAAQ,EAAE,IAAI;QACd,OAAO,EAAE,GAAG,EAAE,CAAC,CAAC,EAAE,CAAC;KACtB;IACD,UAAU,EAAE;QACR,IAAI,EAAE,6BAAgB;QACtB,QAAQ,EAAE,IAAI;QACd,OAAO,EAAE,GAAG,EAAE,CAAC,CAAC,EAAE,CAAC;KACtB;IACD,IAAI,EAAE;QACF,IAAI,EAAE,iBAAU;QAChB,QAAQ,EAAE,IAAI;QACd,OAAO,EAAE,qBAAW,CAAC,aAAa,EAAE;KACvC;IACD,OAAO,EAAE;QACL,IAAI,EAAE,yBAAc;QACpB,QAAQ,EAAE,IAAI;QACd,OAAO,EAAE,GAAG,EAAE,CAAC,CAAC,EAAE,CAAC;KACtB;IACD,IAAI,EAAE;QACF,IAAI,EAAE,iBAAU;QAChB,QAAQ,EAAE,IAAI;QACd,OAAO,EAAE,GAAG,EAAE,CAAC,CAAC,EAAE,CAAC;KACtB;IACD,SAAS,EAAE;QACP,IAAI,EAAE,2BAAe;QACrB,QAAQ,EAAE,IAAI;QACd,OAAO,EAAE,GAAG,EAAE,CAAC,CAAC,EAAE,CAAC;KACtB;IACD,KAAK,EAAE;QACH,IAAI,EAAE,mBAAW;QACjB,QAAQ,EAAE,IAAI;QACd,OAAO,EAAE,GAAG,EAAE,CAAC,CAAC,EAAE,CAAC;KACtB;CACJ,EACD;IACI,UAAU,EAAE,IAAI;CACnB,CACJ,CAAC;AAEF,UAAU,CAAC,OAAO,CAAC,iBAAiB,GAAG,KAAK,EAAE,IAAiB,EAAwB,EAAE;IACrF,OAAO,MAAM,SAAS,CAAC,OAAO,CAAC;QAC3B,EAAE,EAAE,IAAI,CAAC,EAAE;KACd,CAAC,CAAC;AACP,CAAC,CAAC;AAOF,UAAU,CAAC,OAAO,CAAC,OAAO,GAAG,KAAK,WAAW,CAAS;IAClD,IAAI,IAAI,CAAC,SAAS,CAAC,KAAK,CAAC,MAAM,IAAI,CAAC,EAAE,CAAC;QACnC,MAAM,IAAI,KAAK,CAAC,8EAA8E,CAAC,CAAC;IACpG,CAAC;IAED,MAAM,IAAI,GAAc,IAAI,CAAC,IAAI,CAAC,KAAK,CAAC,CAAC,CAAC,CAAC;IAE3C,IAAI,CAAC,IAAI,EAAE,CAAC;QACR,MAAM,IAAI,KAAK,CAAC,qDAAqD,CAAC,CAAC;IAC3E,CAAC;IAED,IAAI,IAAI,CAAC,KAAK,GAAG,IAAI,CAAC,IAAI,EAAE,CAAC;QACzB,MAAM,IAAI,KAAK,CAAC,8DAA8D,CAAC,CAAC;IACpF,CAAC;IAED,IAAI,CAAC,SAAS,CAAC,KAAK,CAAC,IAAI,CAAC,IAAI,CAAC,CAAC;IAEhC,IAAI,CAAC,IAAI,CAAC,KAAK,CAAC,MAAM,CAAC,CAAC,EAAE,CAAC,CAAC,CAAC;IAE7B,IAAI,CAAC,IAAI,IAAI,IAAI,CAAC,KAAK,CAAC;IAExB,MAAM,IAAI,CAAC,IAAI,EAAE,CAAC;IAElB,OAAO,IAAI,CAAC,KAAK,IAAI,IAAI,CAAC,UAAU,CAAC,KAAK,CAAC;AAC/C,CAAC,CAAC;AAOF,UAAU,CAAC,OAAO,CAAC,QAAQ,GAAG,KAAK,WAAW,CAAS;IACnD,MAAM,IAAI,GAAc,IAAI,CAAC,SAAS,CAAC,KAAK,CAAC,CAAC,CAAC,CAAC;IAEhD,IAAI,CAAC,IAAI,EAAE,CAAC;QACR,OAAO,0DAA0D,CAAC;IACtE,CAAC;IAED,IAAI,CAAC,SAAS,CAAC,KAAK,CAAC,MAAM,CAAC,CAAC,EAAE,CAAC,CAAC,CAAC;IAElC,IAAI,CAAC,IAAI,IAAI,IAAI,CAAC,YAAY,EAAE,CAAC;IAEjC,MAAM,IAAI,CAAC,IAAI,EAAE,CAAC;IAElB,OAAO,eAAe,CAAC;AAC3B,CAAC,CAAC;AAMF,UAAU,CAAC,OAAO,CAAC,SAAS,GAAG,KAAK,WAAW,CAAS;IACpD,MAAM,aAAa,GAAG,IAAI,CAAC,SAAS,CAAC,KAAK,CAAC,CAAC,CAAC,CAAC;IAC9C,MAAM,SAAS,GAAG,IAAI,CAAC,KAAK,CAAC,aAAa,CAAC,aAAa,CAAC,IAAI,CAAC,CAAC;IAE/D,IAAI,aAAa,CAAC,KAAK,GAAG,IAAI,CAAC,UAAU,CAAC,KAAK,EAAE,CAAC;QAC9C,OAAO;IACX,CAAC;IAED,IAAI,SAAS,KAAK,IAAI,EAAE,CAAC;QACrB,IAAI,CAAC,SAAS,CAAC,KAAK,CAAC,MAAM,CAAC,CAAC,EAAE,CAAC,CAAC,CAAC;IACtC,CAAC;SAAM,CAAC;QACJ,IAAI,CAAC,SAAS,CAAC,KAAK,CAAC,CAAC,CAAC,GAAG,SAAS,CAAC;IACxC,CAAC;IAED,IAAI,CAAC,KAAK,CAAC,SAAS,CAAC,aAAa,CAAC,CAAC;IAEpC,sBAAY,CAAC,aAAa,CAAC,IAAY,CAAC,CAAC;IAEzC,MAAM,IAAI,CAAC,IAAI,EAAE,CAAC;AACtB,CAAC,CAAC;AAMF,UAAU,CAAC,OAAO,CAAC,kBAAkB,GAAG;IACpC,OAAO,IAAI,CAAC,UAAU,CAAC,GAAG,CAAC,IAAI,CAAC,KAAK,CAAC,kBAAkB,EAAE,CAAC,CAAC;AAChE,CAAC,CAAC;AAEF,UAAU,CAAC,OAAO,CAAC,QAAQ,GAAG,KAAK;IAC/B,MAAM,IAAI,GAAG,MAAM,sBAAY,CAAC,QAAQ,CAAC,IAAY,CAAC,CAAC;IAEvD,OAAO,IAAI,CAAC;AAChB,CAAC,CAAC;AAEF,MAAM,SAAS,GAAG,IAAA,gBAAK,EAAoB,MAAM,EAAE,UAAU,CAAC,CAAC;AAEtD,8BAAS","sourcesContent":["import { User as DiscordUser } from 'discord.js';\nimport { HydratedDocument, model, Model, Schema } from 'mongoose';\nimport { ExperienceModule, ExperienceSchema } from './experience';\nimport { AttributesModule, AttributesSchema } from './attributes';\nimport { SkinModule, SkinSchema } from './skin';\nimport PartManager from '../../libs/montage/PartManager';\nimport { Missions, MissionsSchema } from './missions';\nimport { InventoryModule, InventorySchema } from './inventory';\nimport { StuffModule, StuffSchema } from './stuff';\nimport { ShopModule, ShopSchema } from '../item/shop';\nimport { ItemModel } from '../item/item';\nimport StuffMontage from '../../libs/montage/StuffMontage';\nimport { userInfo } from 'os';\n\n// Données du document\ninterface IUser {\n    id: string;\n    gold: number;\n    experience: ExperienceModule;\n    attributes: AttributesModule;\n    skin: SkinModule;\n    mission: Missions;\n    shop: ShopModule;\n    inventory: InventoryModule;\n    stuff: StuffModule;\n}\n\n// Méthodes sur l'instance\ninterface IUserMethods {\n    buyItem(n: number): Promise<boolean>;\n    sellItem(n: number): Promise<string>;\n    equipItem(n: number): Promise<void>;\n    getTotalAttributes(): AttributesModule;\n    getImage(): Promise<string>;\n}\n\n// Méthodes statiques\ninterface IUserModel extends Model<IUser, object, IUserMethods> {\n    findByDiscordUser(user: DiscordUser): Promise<User | null>;\n}\n\nexport type User = HydratedDocument<IUser, IUserMethods>;\n\nconst UserSchema: Schema = new Schema<IUser, object, IUserMethods>(\n    {\n        id: {\n            type: String,\n            required: true,\n            unique: true,\n        },\n        gold: {\n            type: Number,\n            required: true,\n            default: 0,\n        },\n        experience: {\n            type: ExperienceSchema,\n            required: true,\n            default: () => ({}),\n        },\n        attributes: {\n            type: AttributesSchema,\n            required: true,\n            default: () => ({}), // On doit mettre ça pour que ça prenne les valeurs par défaut du schéma enfant\n        },\n        skin: {\n            type: SkinSchema,\n            required: true,\n            default: PartManager.getRandomSkin(),\n        },\n        mission: {\n            type: MissionsSchema,\n            required: true,\n            default: () => ({}),\n        },\n        shop: {\n            type: ShopSchema,\n            required: true,\n            default: () => ({}),\n        },\n        inventory: {\n            type: InventorySchema,\n            required: true,\n            default: () => ({}),\n        },\n        stuff: {\n            type: StuffSchema,\n            required: true,\n            default: () => ({}),\n        },\n    },\n    {\n        timestamps: true,\n    },\n);\n\nUserSchema.statics.findByDiscordUser = async (user: DiscordUser): Promise<User | null> => {\n    return await UserModel.findOne({\n        id: user.id,\n    });\n};\n\n/**\n * Achète l'item numéro N de la boutique et la place dans l'inventaire\n * @param n\n * @returns\n */\nUserSchema.methods.buyItem = async function (n: number): Promise<boolean> {\n    if (this.inventory.items.length >= 5) {\n        throw new Error('Votre inventaire est déja plein, vous pouvez vendre un item via `/inventory`');\n    }\n\n    const item: ItemModel = this.shop.items[n];\n\n    if (!item) {\n        throw new Error(\"Impossible de trouver l'équipement dans la boutique\");\n    }\n\n    if (item.price > this.gold) {\n        throw new Error(\"Vous n'avez pas assez de pièce pour acheter cette équipement\");\n    }\n\n    this.inventory.items.push(item);\n\n    this.shop.items.splice(n, 1);\n\n    this.gold -= item.price;\n\n    await this.save();\n\n    return item.level <= this.experience.level;\n};\n\n/**\n * Vend l'item numéro N de l'inventaire\n * @param n\n * @returns\n */\nUserSchema.methods.sellItem = async function (n: number): Promise<string> {\n    const item: ItemModel = this.inventory.items[n];\n\n    if (!item) {\n        return \"Impossible de trouver l'équipement dans votre inventaire\";\n    }\n\n    this.inventory.items.splice(n, 1);\n\n    this.gold += item.getSellPrice();\n\n    await this.save();\n\n    return 'Vente réussie';\n};\n\n/**\n * Equipe l'item numéro N de l'inventaire, si un équipement est déja équipé il va dans l'inventaire\n * @param n\n */\nUserSchema.methods.equipItem = async function (n: number): Promise<void> {\n    const inventoryItem = this.inventory.items[n];\n    const stuffItem = this.stuff.getItemByType(inventoryItem.type);\n\n    if (inventoryItem.level > this.experience.level) {\n        return;\n    }\n\n    if (stuffItem === null) {\n        this.inventory.items.splice(n, 1);\n    } else {\n        this.inventory.items[n] = stuffItem;\n    }\n\n    this.stuff.equipItem(inventoryItem);\n\n    StuffMontage.generateImage(this as User);\n\n    await this.save();\n};\n\n/**\n * Compte toutes les caractéristiques en prenant en compte le stuff et les points de carac du joueur\n * @returns\n */\nUserSchema.methods.getTotalAttributes = function (): AttributesModule {\n    return this.attributes.add(this.stuff.getTotalAttributes());\n};\n\nUserSchema.methods.getImage = async function (): Promise<string> {\n    const skin = await StuffMontage.getImage(this as User);\n\n    return skin;\n};\n\nconst UserModel = model<IUser, IUserModel>('User', UserSchema);\n\nexport { UserModel };\n"]},"_coverageSchema":"1a1c01bbd47fc00a2c39e90264f33305004495a9","hash":"cd625b8a3722ea60285ad80b45b19d8bae79c6eb"},"/usr/src/app/src/models/user/experience.ts":{"path":"/usr/src/app/src/models/user/experience.ts","statementMap":{"0":{"start":{"line":2,"column":0},"end":{"line":2,"column":62}},"1":{"start":{"line":3,"column":0},"end":{"line":3,"column":34}},"2":{"start":{"line":4,"column":19},"end":{"line":4,"column":38}},"3":{"start":{"line":5,"column":0},"end":{"line":21,"column":3}},"4":{"start":{"line":22,"column":0},"end":{"line":28,"column":2}},"5":{"start":{"line":23,"column":4},"end":{"line":23,"column":37}},"6":{"start":{"line":24,"column":4},"end":{"line":24,"column":57}},"7":{"start":{"line":25,"column":27},"end":{"line":25,"column":56}},"8":{"start":{"line":26,"column":28},"end":{"line":26,"column":69}},"9":{"start":{"line":27,"column":4},"end":{"line":27,"column":98}}},"fnMap":{"0":{"name":"(anonymous_0)","decl":{"start":{"line":22,"column":39},"end":{"line":22,"column":40}},"loc":{"start":{"line":22,"column":57},"end":{"line":28,"column":1}},"line":22}},"branchMap":{},"s":{"0":1,"1":1,"2":1,"3":1,"4":1,"5":1,"6":1,"7":1,"8":1,"9":1},"f":{"0":1},"b":{},"inputSourceMap":{"version":3,"file":"/usr/src/app/src/models/user/experience.ts","sources":["/usr/src/app/src/models/user/experience.ts"],"names":[],"mappings":";;;AAAA,uCAAoD;AAgBvC,QAAA,gBAAgB,GAAW,IAAI,iBAAM,CAA0C;IACxF,KAAK,EAAE;QACH,IAAI,EAAE,MAAM;QACZ,QAAQ,EAAE,IAAI;QACd,OAAO,EAAE,CAAC;KACb;IACD,KAAK,EAAE;QACH,IAAI,EAAE,MAAM;QACZ,QAAQ,EAAE,IAAI;QACd,OAAO,EAAE,CAAC;KACb;IACD,WAAW,EAAE;QACT,IAAI,EAAE,MAAM;QACZ,QAAQ,EAAE,IAAI;QACd,OAAO,EAAE,CAAC;KACb;CACJ,CAAC,CAAC;AAMH,wBAAgB,CAAC,OAAO,CAAC,GAAG,GAAG,UAAU,MAAc;IACnD,IAAI,CAAC,KAAK,GAAG,IAAI,CAAC,KAAK,GAAG,MAAM,CAAC;IAEjC,IAAI,CAAC,KAAK,GAAG,IAAI,CAAC,KAAK,CAAC,IAAI,CAAC,IAAI,CAAC,IAAI,CAAC,KAAK,GAAG,GAAG,CAAC,CAAC,CAAC;IAErD,MAAM,cAAc,GAAG,GAAG,GAAG,IAAI,CAAC,KAAK,GAAG,IAAI,CAAC,KAAK,CAAC;IACrD,MAAM,eAAe,GAAG,GAAG,GAAG,CAAC,IAAI,CAAC,KAAK,GAAG,CAAC,CAAC,GAAG,CAAC,IAAI,CAAC,KAAK,GAAG,CAAC,CAAC,CAAC;IAElE,IAAI,CAAC,WAAW,GAAG,CAAC,CAAC,IAAI,CAAC,KAAK,GAAG,cAAc,CAAC,GAAG,CAAC,eAAe,GAAG,cAAc,CAAC,CAAC,GAAG,GAAG,CAAC;AAClG,CAAC,CAAC","sourcesContent":["import { HydratedDocument, Schema } from 'mongoose';\n\n// Données du document\ninterface IExperience {\n    total: number;\n    level: number;\n    progression: number;\n}\n\n// Méthodes sur l'instance\ninterface IExperienceMethods {\n    add(amount: number): void;\n}\n\nexport type ExperienceModule = HydratedDocument<IExperience, IExperienceMethods>;\n\nexport const ExperienceSchema: Schema = new Schema<IExperience, object, IExperienceMethods>({\n    total: {\n        type: Number,\n        required: true,\n        default: 0,\n    },\n    level: {\n        type: Number,\n        required: true,\n        default: 1,\n    },\n    progression: {\n        type: Number,\n        required: true,\n        default: 1,\n    },\n});\n\n/**\n * Ajoute de l'expérience au joueur et recalcule l'avancement et le niveau\n * @param amount\n */\nExperienceSchema.methods.add = function (amount: number) {\n    this.total = this.total + amount;\n\n    this.level = Math.floor(Math.sqrt(this.total / 100));\n\n    const xpNiveauActuel = 100 * this.level * this.level;\n    const xpNiveauSuivant = 100 * (this.level + 1) * (this.level + 1);\n\n    this.progression = ((this.total - xpNiveauActuel) / (xpNiveauSuivant - xpNiveauActuel)) * 100;\n};\n"]},"_coverageSchema":"1a1c01bbd47fc00a2c39e90264f33305004495a9","hash":"9343b51f1b2d6d4285621ed86bdd9751fec40b47"},"/usr/src/app/src/models/user/attributes.ts":{"path":"/usr/src/app/src/models/user/attributes.ts","statementMap":{"0":{"start":{"line":2,"column":0},"end":{"line":2,"column":62}},"1":{"start":{"line":3,"column":0},"end":{"line":3,"column":60}},"2":{"start":{"line":4,"column":19},"end":{"line":4,"column":38}},"3":{"start":{"line":5,"column":0},"end":{"line":26,"column":3}},"4":{"start":{"line":27,"column":0},"end":{"line":32,"column":2}},"5":{"start":{"line":28,"column":16},"end":{"line":28,"column":17}},"6":{"start":{"line":29,"column":17},"end":{"line":29,"column":79}},"7":{"start":{"line":29,"column":60},"end":{"line":29,"column":78}},"8":{"start":{"line":30,"column":4},"end":{"line":30,"column":44}},"9":{"start":{"line":30,"column":25},"end":{"line":30,"column":41}},"10":{"start":{"line":31,"column":4},"end":{"line":31,"column":17}},"11":{"start":{"line":33,"column":0},"end":{"line":41,"column":2}},"12":{"start":{"line":34,"column":26},"end":{"line":34,"column":37}},"13":{"start":{"line":35,"column":17},"end":{"line":35,"column":79}},"14":{"start":{"line":35,"column":60},"end":{"line":35,"column":78}},"15":{"start":{"line":36,"column":4},"end":{"line":40,"column":5}},"16":{"start":{"line":37,"column":27},"end":{"line":37,"column":72}},"17":{"start":{"line":38,"column":8},"end":{"line":38,"column":30}},"18":{"start":{"line":39,"column":8},"end":{"line":39,"column":29}},"19":{"start":{"line":42,"column":0},"end":{"line":45,"column":2}},"20":{"start":{"line":43,"column":17},"end":{"line":43,"column":79}},"21":{"start":{"line":43,"column":60},"end":{"line":43,"column":78}},"22":{"start":{"line":44,"column":4},"end":{"line":44,"column":77}},"23":{"start":{"line":44,"column":25},"end":{"line":44,"column":74}},"24":{"start":{"line":46,"column":0},"end":{"line":54,"column":2}},"25":{"start":{"line":47,"column":19},"end":{"line":47,"column":40}},"26":{"start":{"line":48,"column":17},"end":{"line":48,"column":79}},"27":{"start":{"line":48,"column":60},"end":{"line":48,"column":78}},"28":{"start":{"line":49,"column":4},"end":{"line":52,"column":7}},"29":{"start":{"line":50,"column":18},"end":{"line":50,"column":19}},"30":{"start":{"line":51,"column":8},"end":{"line":51,"column":44}},"31":{"start":{"line":53,"column":4},"end":{"line":53,"column":18}},"32":{"start":{"line":55,"column":24},"end":{"line":55,"column":85}},"33":{"start":{"line":56,"column":0},"end":{"line":56,"column":42}}},"fnMap":{"0":{"name":"(anonymous_0)","decl":{"start":{"line":27,"column":50},"end":{"line":27,"column":51}},"loc":{"start":{"line":27,"column":62},"end":{"line":32,"column":1}},"line":27},"1":{"name":"(anonymous_1)","decl":{"start":{"line":29,"column":53},"end":{"line":29,"column":54}},"loc":{"start":{"line":29,"column":60},"end":{"line":29,"column":78}},"line":29},"2":{"name":"(anonymous_2)","decl":{"start":{"line":30,"column":17},"end":{"line":30,"column":18}},"loc":{"start":{"line":30,"column":25},"end":{"line":30,"column":41}},"line":30},"3":{"name":"(anonymous_3)","decl":{"start":{"line":33,"column":52},"end":{"line":33,"column":53}},"loc":{"start":{"line":33,"column":75},"end":{"line":41,"column":1}},"line":33},"4":{"name":"(anonymous_4)","decl":{"start":{"line":35,"column":53},"end":{"line":35,"column":54}},"loc":{"start":{"line":35,"column":60},"end":{"line":35,"column":78}},"line":35},"5":{"name":"(anonymous_5)","decl":{"start":{"line":42,"column":47},"end":{"line":42,"column":48}},"loc":{"start":{"line":42,"column":65},"end":{"line":45,"column":1}},"line":42},"6":{"name":"(anonymous_6)","decl":{"start":{"line":43,"column":53},"end":{"line":43,"column":54}},"loc":{"start":{"line":43,"column":60},"end":{"line":43,"column":78}},"line":43},"7":{"name":"(anonymous_7)","decl":{"start":{"line":44,"column":17},"end":{"line":44,"column":18}},"loc":{"start":{"line":44,"column":25},"end":{"line":44,"column":74}},"line":44},"8":{"name":"(anonymous_8)","decl":{"start":{"line":46,"column":39},"end":{"line":46,"column":40}},"loc":{"start":{"line":46,"column":55},"end":{"line":54,"column":1}},"line":46},"9":{"name":"(anonymous_9)","decl":{"start":{"line":48,"column":53},"end":{"line":48,"column":54}},"loc":{"start":{"line":48,"column":60},"end":{"line":48,"column":78}},"line":48},"10":{"name":"(anonymous_10)","decl":{"start":{"line":49,"column":13},"end":{"line":49,"column":14}},"loc":{"start":{"line":49,"column":20},"end":{"line":52,"column":5}},"line":49}},"branchMap":{},"s":{"0":1,"1":1,"2":1,"3":1,"4":1,"5":2,"6":2,"7":10,"8":2,"9":8,"10":2,"11":1,"12":62,"13":62,"14":310,"15":62,"16":3508,"17":3508,"18":3508,"19":1,"20":11,"21":55,"22":11,"23":44,"24":1,"25":1,"26":1,"27":5,"28":1,"29":4,"30":4,"31":1,"32":1,"33":1},"f":{"0":2,"1":10,"2":8,"3":62,"4":310,"5":11,"6":55,"7":44,"8":1,"9":5,"10":4},"b":{},"inputSourceMap":{"version":3,"file":"/usr/src/app/src/models/user/attributes.ts","sources":["/usr/src/app/src/models/user/attributes.ts"],"names":[],"mappings":";;;AAAA,uCAAkE;AA4BrD,QAAA,gBAAgB,GAAW,IAAI,iBAAM,CAA0C;IACxF,QAAQ,EAAE;QACN,IAAI,EAAE,MAAM;QACZ,QAAQ,EAAE,IAAI;QACd,OAAO,EAAE,CAAC;KACb;IACD,MAAM,EAAE;QACJ,IAAI,EAAE,MAAM;QACZ,QAAQ,EAAE,IAAI;QACd,OAAO,EAAE,CAAC;KACb;IACD,SAAS,EAAE;QACP,IAAI,EAAE,MAAM;QACZ,QAAQ,EAAE,IAAI;QACd,OAAO,EAAE,CAAC;KACb;IACD,KAAK,EAAE;QACH,IAAI,EAAE,MAAM;QACZ,QAAQ,EAAE,IAAI;QACd,OAAO,EAAE,CAAC;KACb;CACJ,CAAC,CAAC;AAKH,wBAAgB,CAAC,OAAO,CAAC,cAAc,GAAG;IACtC,IAAI,KAAK,GAAG,CAAC,CAAC;IAEd,MAAM,IAAI,GAAG,MAAM,CAAC,IAAI,CAAC,IAAI,CAAC,QAAQ,EAAE,CAAC,CAAC,MAAM,CAAC,CAAC,CAAC,EAAE,EAAE,CAAC,CAAC,CAAC,CAAC,UAAU,CAAC,GAAG,CAAC,CAAC,CAAC;IAE5E,IAAI,CAAC,OAAO,CAAC,CAAC,CAAC,EAAE,EAAE,CAAC,CAAC,KAAK,IAAI,IAAI,CAAC,CAAC,CAAC,CAAC,CAAC,CAAC;IAExC,OAAO,KAAK,CAAC;AACjB,CAAC,CAAC;AAMF,wBAAgB,CAAC,OAAO,CAAC,gBAAgB,GAAG,UAAU,WAAmB;IACrE,IAAI,eAAe,GAAG,WAAW,CAAC;IAElC,MAAM,IAAI,GAAG,MAAM,CAAC,IAAI,CAAC,IAAI,CAAC,QAAQ,EAAE,CAAC,CAAC,MAAM,CAAC,CAAC,CAAC,EAAE,EAAE,CAAC,CAAC,CAAC,CAAC,UAAU,CAAC,GAAG,CAAC,CAAC,CAAC;IAE5E,OAAO,eAAe,GAAG,CAAC,EAAE,CAAC;QACzB,MAAM,UAAU,GAAG,IAAI,CAAC,IAAI,CAAC,KAAK,CAAC,IAAI,CAAC,MAAM,EAAE,GAAG,IAAI,CAAC,MAAM,CAAC,CAAC,CAAC;QACjE,IAAI,CAAC,UAAU,CAAC,IAAI,CAAC,CAAC;QACtB,eAAe,IAAI,CAAC,CAAC;IACzB,CAAC;AACL,CAAC,CAAC;AAMF,wBAAgB,CAAC,OAAO,CAAC,WAAW,GAAG,UAAU,MAAc;IAC3D,MAAM,IAAI,GAAG,MAAM,CAAC,IAAI,CAAC,IAAI,CAAC,QAAQ,EAAE,CAAC,CAAC,MAAM,CAAC,CAAC,CAAC,EAAE,EAAE,CAAC,CAAC,CAAC,CAAC,UAAU,CAAC,GAAG,CAAC,CAAC,CAAC;IAE5E,IAAI,CAAC,OAAO,CAAC,CAAC,CAAC,EAAE,EAAE,CAAC,CAAC,IAAI,CAAC,CAAC,CAAC,GAAG,IAAI,CAAC,KAAK,CAAC,IAAI,CAAC,CAAC,CAAC,GAAG,MAAM,CAAC,UAAU,CAAC,CAAC,CAAC,CAAC;AAC7E,CAAC,CAAC;AAOF,wBAAgB,CAAC,OAAO,CAAC,GAAG,GAAG,UAAU,IAAsB;IAC3D,MAAM,MAAM,GAAG,IAAI,eAAe,EAAE,CAAC;IAErC,MAAM,IAAI,GAAG,MAAM,CAAC,IAAI,CAAC,IAAI,CAAC,QAAQ,EAAE,CAAC,CAAC,MAAM,CAAC,CAAC,CAAC,EAAE,EAAE,CAAC,CAAC,CAAC,CAAC,UAAU,CAAC,GAAG,CAAC,CAAC,CAAC;IAE5E,IAAI,CAAC,GAAG,CAAC,CAAC,CAAC,EAAE,EAAE;QACX,IAAI,GAAG,GAAG,CAAsB,CAAC;QACjC,MAAM,CAAC,GAAG,CAAC,GAAG,IAAI,CAAC,GAAG,CAAC,GAAG,IAAI,CAAC,GAAG,CAAC,CAAC;IACxC,CAAC,CAAC,CAAC;IAEH,OAAO,MAAM,CAAC;AAClB,CAAC,CAAC;AAEF,MAAM,eAAe,GAAG,IAAA,gBAAK,EAAgC,YAAY,EAAE,wBAAgB,CAAC,CAAC;AAEpF,0CAAe","sourcesContent":["import { HydratedDocument, Model, model, Schema } from 'mongoose';\nimport Rarity from '../../enum/rarity';\nimport { EmbedBuilder } from 'discord.js';\nimport { ItemModel } from '../item/item';\n\nexport interface IAttributes {\n    strength: number;\n    health: number;\n    dexterity: number;\n    dodge: number;\n}\n\n// Méthodes sur l'instance\ninterface IAttributesMethods {\n    getTotalPoints(): number;\n    distributePoints(totalPoints: number): void;\n    applyRarity(rarity: Rarity): void;\n    addToEmbed(embed: EmbedBuilder, stuffedItem?: ItemModel | null): EmbedBuilder;\n    add(attr: AttributesModule): AttributesModule;\n    toString(): string;\n}\n\ninterface IAttributesModel extends Model<IAttributes, object, IAttributesMethods> {\n    static(): void;\n}\n\nexport type AttributesModule = HydratedDocument<IAttributes, IAttributesMethods>;\n\nexport const AttributesSchema: Schema = new Schema<IAttributes, object, IAttributesMethods>({\n    strength: {\n        type: Number,\n        required: true,\n        default: 0,\n    },\n    health: {\n        type: Number,\n        required: true,\n        default: 0,\n    },\n    dexterity: {\n        type: Number,\n        required: true,\n        default: 0,\n    },\n    dodge: {\n        type: Number,\n        required: true,\n        default: 0,\n    },\n});\n\n/**\n * Retourne le nombre de points total\n */\nAttributesSchema.methods.getTotalPoints = function (): number {\n    let total = 0;\n\n    const keys = Object.keys(this.toObject()).filter((s) => !s.startsWith('_'));\n\n    keys.forEach((k) => (total += this[k]));\n\n    return total;\n};\n\n/**\n * Distribue un total de points aléatoirement\n * @param totalPoints\n */\nAttributesSchema.methods.distributePoints = function (totalPoints: number): void {\n    let remainingPoints = totalPoints;\n\n    const keys = Object.keys(this.toObject()).filter((s) => !s.startsWith('_'));\n\n    while (remainingPoints > 0) {\n        const randomAttr = keys[Math.floor(Math.random() * keys.length)];\n        this[randomAttr] += 1;\n        remainingPoints -= 1;\n    }\n};\n\n/**\n * Applique le multiplier d'une rareté sur tous les attributs\n * @param rarity\n */\nAttributesSchema.methods.applyRarity = function (rarity: Rarity): void {\n    const keys = Object.keys(this.toObject()).filter((s) => !s.startsWith('_'));\n\n    keys.forEach((k) => (this[k] = Math.round(this[k] * rarity.multiplier)));\n};\n\n/**\n * Additionne deux objets attributs ensemble\n * @param attr\n * @returns\n */\nAttributesSchema.methods.add = function (attr: AttributesModule): AttributesModule {\n    const result = new AttributesModel();\n\n    const keys = Object.keys(this.toObject()).filter((s) => !s.startsWith('_'));\n\n    keys.map((k) => {\n        let key = k as keyof IAttributes;\n        result[key] = attr[key] + this[key];\n    });\n\n    return result;\n};\n\nconst AttributesModel = model<IAttributes, IAttributesModel>('Attributes', AttributesSchema);\n\nexport { AttributesModel };\n"]},"_coverageSchema":"1a1c01bbd47fc00a2c39e90264f33305004495a9","hash":"58976e60be68407f91e8d2d1ceb4dd86f17114a5"},"/usr/src/app/src/models/user/skin.ts":{"path":"/usr/src/app/src/models/user/skin.ts","statementMap":{"0":{"start":{"line":2,"column":22},"end":{"line":4,"column":1}},"1":{"start":{"line":3,"column":4},"end":{"line":3,"column":62}},"2":{"start":{"line":5,"column":0},"end":{"line":5,"column":62}},"3":{"start":{"line":6,"column":0},"end":{"line":6,"column":65}},"4":{"start":{"line":7,"column":19},"end":{"line":7,"column":38}},"5":{"start":{"line":8,"column":22},"end":{"line":8,"column":80}},"6":{"start":{"line":10,"column":0},"end":{"line":13,"column":45}},"7":{"start":{"line":11,"column":4},"end":{"line":11,"column":30}},"8":{"start":{"line":12,"column":4},"end":{"line":12,"column":28}},"9":{"start":{"line":14,"column":23},"end":{"line":17,"column":1}},"10":{"start":{"line":18,"column":0},"end":{"line":33,"column":3}},"11":{"start":{"line":34,"column":0},"end":{"line":36,"column":2}},"12":{"start":{"line":35,"column":4},"end":{"line":35,"column":54}},"13":{"start":{"line":37,"column":0},"end":{"line":44,"column":2}},"14":{"start":{"line":38,"column":4},"end":{"line":43,"column":5}},"15":{"start":{"line":39,"column":8},"end":{"line":39,"column":33}},"16":{"start":{"line":42,"column":8},"end":{"line":42,"column":35}},"17":{"start":{"line":45,"column":0},"end":{"line":50,"column":2}},"18":{"start":{"line":46,"column":4},"end":{"line":48,"column":5}},"19":{"start":{"line":47,"column":8},"end":{"line":47,"column":15}},"20":{"start":{"line":49,"column":4},"end":{"line":49,"column":104}},"21":{"start":{"line":51,"column":0},"end":{"line":56,"column":2}},"22":{"start":{"line":52,"column":4},"end":{"line":54,"column":5}},"23":{"start":{"line":53,"column":8},"end":{"line":53,"column":15}},"24":{"start":{"line":55,"column":4},"end":{"line":55,"column":104}},"25":{"start":{"line":57,"column":18},"end":{"line":57,"column":67}},"26":{"start":{"line":58,"column":0},"end":{"line":58,"column":30}}},"fnMap":{"0":{"name":"(anonymous_0)","decl":{"start":{"line":2,"column":56},"end":{"line":2,"column":57}},"loc":{"start":{"line":2,"column":71},"end":{"line":4,"column":1}},"line":2},"1":{"name":"(anonymous_1)","decl":{"start":{"line":10,"column":1},"end":{"line":10,"column":2}},"loc":{"start":{"line":10,"column":19},"end":{"line":13,"column":1}},"line":10},"2":{"name":"(anonymous_2)","decl":{"start":{"line":34,"column":38},"end":{"line":34,"column":39}},"loc":{"start":{"line":34,"column":56},"end":{"line":36,"column":1}},"line":34},"3":{"name":"(anonymous_3)","decl":{"start":{"line":37,"column":42},"end":{"line":37,"column":43}},"loc":{"start":{"line":37,"column":54},"end":{"line":44,"column":1}},"line":37},"4":{"name":"(anonymous_4)","decl":{"start":{"line":45,"column":47},"end":{"line":45,"column":48}},"loc":{"start":{"line":45,"column":68},"end":{"line":50,"column":1}},"line":45},"5":{"name":"(anonymous_5)","decl":{"start":{"line":51,"column":47},"end":{"line":51,"column":48}},"loc":{"start":{"line":51,"column":68},"end":{"line":56,"column":1}},"line":51}},"branchMap":{"0":{"loc":{"start":{"line":2,"column":22},"end":{"line":4,"column":1}},"type":"binary-expr","locations":[{"start":{"line":2,"column":23},"end":{"line":2,"column":27}},{"start":{"line":2,"column":31},"end":{"line":2,"column":51}},{"start":{"line":2,"column":56},"end":{"line":4,"column":1}}],"line":2},"1":{"loc":{"start":{"line":3,"column":11},"end":{"line":3,"column":61}},"type":"cond-expr","locations":[{"start":{"line":3,"column":37},"end":{"line":3,"column":40}},{"start":{"line":3,"column":43},"end":{"line":3,"column":61}}],"line":3},"2":{"loc":{"start":{"line":3,"column":12},"end":{"line":3,"column":33}},"type":"binary-expr","locations":[{"start":{"line":3,"column":12},"end":{"line":3,"column":15}},{"start":{"line":3,"column":19},"end":{"line":3,"column":33}}],"line":3},"3":{"loc":{"start":{"line":13,"column":3},"end":{"line":13,"column":43}},"type":"binary-expr","locations":[{"start":{"line":13,"column":3},"end":{"line":13,"column":9}},{"start":{"line":13,"column":14},"end":{"line":13,"column":42}}],"line":13},"4":{"loc":{"start":{"line":38,"column":4},"end":{"line":43,"column":5}},"type":"if","locations":[{"start":{"line":38,"column":4},"end":{"line":43,"column":5}},{"start":{"line":41,"column":9},"end":{"line":43,"column":5}}],"line":38},"5":{"loc":{"start":{"line":46,"column":4},"end":{"line":48,"column":5}},"type":"if","locations":[{"start":{"line":46,"column":4},"end":{"line":48,"column":5}},{"start":{},"end":{}}],"line":46},"6":{"loc":{"start":{"line":52,"column":4},"end":{"line":54,"column":5}},"type":"if","locations":[{"start":{"line":52,"column":4},"end":{"line":54,"column":5}},{"start":{},"end":{}}],"line":52}},"s":{"0":1,"1":1,"2":1,"3":1,"4":1,"5":1,"6":1,"7":1,"8":1,"9":1,"10":1,"11":1,"12":2,"13":1,"14":1,"15":0,"16":1,"17":1,"18":2,"19":0,"20":2,"21":1,"22":2,"23":0,"24":2,"25":1,"26":1},"f":{"0":1,"1":1,"2":2,"3":1,"4":2,"5":2},"b":{"0":[1,1,1],"1":[1,0],"2":[1,1],"3":[1,1],"4":[0,1],"5":[0,2],"6":[0,2]},"inputSourceMap":{"version":3,"file":"/usr/src/app/src/models/user/skin.ts","sources":["/usr/src/app/src/models/user/skin.ts"],"names":[],"mappings":";;;;;;AAAA,uCAAkE;AAClE,iFAAyD;AAEzD,IAAY,MAGX;AAHD,WAAY,MAAM;IACd,yBAAe,CAAA;IACf,uBAAa,CAAA;AACjB,CAAC,EAHW,MAAM,sBAAN,MAAM,QAGjB;AAgBD,MAAM,cAAc,GAAG;IACnB,IAAI,EAAE,MAAM;IACZ,QAAQ,EAAE,IAAI;CACjB,CAAC;AAiBW,QAAA,UAAU,GAAW,IAAI,iBAAM,CAA8B;IACtE,MAAM,EAAE;QACJ,IAAI,EAAE,MAAM;QACZ,IAAI,EAAE,MAAM;QACZ,QAAQ,EAAE,IAAI;KACjB;IACD,KAAK,EAAE,cAAc;IACrB,IAAI,EAAE,cAAc;IACpB,QAAQ,EAAE,cAAc;IACxB,IAAI,EAAE,cAAc;IACpB,IAAI,EAAE,cAAc;IACpB,KAAK,EAAE,cAAc;IACrB,IAAI,EAAE,cAAc;IACpB,UAAU,EAAE,cAAc;IAC1B,WAAW,EAAE,cAAc;CAC9B,CAAC,CAAC;AAEH,kBAAU,CAAC,OAAO,CAAC,QAAQ,GAAG,KAAK;IAC/B,OAAO,MAAM,qBAAW,CAAC,QAAQ,CAAC,IAAkB,CAAC,CAAC;AAC1D,CAAC,CAAC;AAEF,kBAAU,CAAC,OAAO,CAAC,YAAY,GAAG;IAC9B,IAAI,IAAI,CAAC,MAAM,KAAK,MAAM,CAAC,KAAK,EAAE,CAAC;QAC/B,IAAI,CAAC,MAAM,GAAG,MAAM,CAAC,GAAG,CAAC;IAC7B,CAAC;SAAM,CAAC;QACJ,IAAI,CAAC,MAAM,GAAG,MAAM,CAAC,KAAK,CAAC;IAC/B,CAAC;AACL,CAAC,CAAC;AAEF,kBAAU,CAAC,OAAO,CAAC,iBAAiB,GAAG,UAAU,SAAsB;IACnE,IAAI,OAAO,IAAI,CAAC,SAAS,CAAC,KAAK,QAAQ,EAAE,CAAC;QACtC,OAAO;IACX,CAAC;IAED,IAAI,CAAC,SAAS,CAAC,GAAG,qBAAW,CAAC,OAAO,CAAC,SAAS,CAAC,EAAE,KAAK,CAAC,IAAI,CAAC,SAAS,CAAC,GAAG,CAAC,EAAE,IAAI,CAAC,MAAM,CAAC,CAAC;AAC9F,CAAC,CAAC;AAEF,kBAAU,CAAC,OAAO,CAAC,iBAAiB,GAAG,UAAU,SAAsB;IACnE,IAAI,OAAO,IAAI,CAAC,SAAS,CAAC,KAAK,QAAQ,EAAE,CAAC;QACtC,OAAO;IACX,CAAC;IAED,IAAI,CAAC,SAAS,CAAC,GAAG,qBAAW,CAAC,OAAO,CAAC,SAAS,CAAC,EAAE,KAAK,CAAC,IAAI,CAAC,SAAS,CAAC,GAAG,CAAC,EAAE,IAAI,CAAC,MAAM,CAAC,CAAC;AAC9F,CAAC,CAAC;AAEF,MAAM,SAAS,GAAG,IAAA,gBAAK,EAAoB,MAAM,EAAE,kBAAU,CAAC,CAAC;AAEtD,8BAAS","sourcesContent":["import { HydratedDocument, model, Model, Schema } from 'mongoose';\nimport PartManager from '../../libs/montage/PartManager';\n\nexport enum Gender {\n    Women = 'Femme',\n    Men = 'Homme',\n}\n\n// Données du document\nexport interface ISkin {\n    gender: Gender;\n    color: number;\n    eyes: number;\n    eyebrows: number;\n    hair: number;\n    head: number;\n    mouth: number;\n    nose: number;\n    decoration: number;\n    facial_hair: number;\n}\n\nconst schemaProperty = {\n    type: Number,\n    required: true,\n};\n\n// Méthodes sur l'instance\ninterface ISkinMethods {\n    getImage(): Promise<string>;\n    switchGender(): void;\n    increaseAttribute(attribute: keyof ISkin): void;\n    decreaseAttribute(attribute: keyof ISkin): void;\n}\n\n// Méthodes statiques\ninterface ISkinModel extends Model<ISkin, object, ISkinMethods> {\n    static: () => void;\n}\n\nexport type SkinModule = HydratedDocument<ISkin, ISkinMethods>;\n\nexport const SkinSchema: Schema = new Schema<ISkin, object, ISkinMethods>({\n    gender: {\n        type: String,\n        enum: Gender,\n        required: true,\n    },\n    color: schemaProperty,\n    eyes: schemaProperty,\n    eyebrows: schemaProperty,\n    hair: schemaProperty,\n    head: schemaProperty,\n    mouth: schemaProperty,\n    nose: schemaProperty,\n    decoration: schemaProperty,\n    facial_hair: schemaProperty,\n});\n\nSkinSchema.methods.getImage = async function (): Promise<string> {\n    return await PartManager.getImage(this as SkinModule);\n};\n\nSkinSchema.methods.switchGender = function () {\n    if (this.gender === Gender.Women) {\n        this.gender = Gender.Men;\n    } else {\n        this.gender = Gender.Women;\n    }\n};\n\nSkinSchema.methods.increaseAttribute = function (attribute: keyof ISkin): void {\n    if (typeof this[attribute] !== 'number') {\n        return;\n    }\n\n    this[attribute] = PartManager.getPart(attribute)?.clamp(this[attribute] + 1, this.gender);\n};\n\nSkinSchema.methods.decreaseAttribute = function (attribute: keyof ISkin): void {\n    if (typeof this[attribute] !== 'number') {\n        return;\n    }\n\n    this[attribute] = PartManager.getPart(attribute)?.clamp(this[attribute] - 1, this.gender);\n};\n\nconst SkinModel = model<ISkin, ISkinModel>('Skin', SkinSchema);\n\nexport { SkinModel };\n"]},"_coverageSchema":"1a1c01bbd47fc00a2c39e90264f33305004495a9","hash":"c8ed3bfd52e2fe86ee5e58464e11eeaed7e3fc7b"},"/usr/src/app/src/libs/montage/PartManager.ts":{"path":"/usr/src/app/src/libs/montage/PartManager.ts","statementMap":{"0":{"start":{"line":2,"column":22},"end":{"line":12,"column":3}},"1":{"start":{"line":3,"column":4},"end":{"line":3,"column":33}},"2":{"start":{"line":3,"column":26},"end":{"line":3,"column":33}},"3":{"start":{"line":4,"column":15},"end":{"line":4,"column":52}},"4":{"start":{"line":5,"column":4},"end":{"line":7,"column":5}},"5":{"start":{"line":6,"column":6},"end":{"line":6,"column":68}},"6":{"start":{"line":6,"column":51},"end":{"line":6,"column":63}},"7":{"start":{"line":8,"column":4},"end":{"line":8,"column":39}},"8":{"start":{"line":10,"column":4},"end":{"line":10,"column":33}},"9":{"start":{"line":10,"column":26},"end":{"line":10,"column":33}},"10":{"start":{"line":11,"column":4},"end":{"line":11,"column":17}},"11":{"start":{"line":13,"column":25},"end":{"line":17,"column":2}},"12":{"start":{"line":14,"column":4},"end":{"line":14,"column":72}},"13":{"start":{"line":16,"column":4},"end":{"line":16,"column":21}},"14":{"start":{"line":18,"column":19},"end":{"line":24,"column":1}},"15":{"start":{"line":19,"column":4},"end":{"line":19,"column":42}},"16":{"start":{"line":19,"column":31},"end":{"line":19,"column":42}},"17":{"start":{"line":20,"column":17},"end":{"line":20,"column":19}},"18":{"start":{"line":21,"column":4},"end":{"line":21,"column":141}},"19":{"start":{"line":21,"column":21},"end":{"line":21,"column":141}},"20":{"start":{"line":21,"column":40},"end":{"line":21,"column":141}},"21":{"start":{"line":21,"column":109},"end":{"line":21,"column":141}},"22":{"start":{"line":22,"column":4},"end":{"line":22,"column":36}},"23":{"start":{"line":23,"column":4},"end":{"line":23,"column":18}},"24":{"start":{"line":25,"column":22},"end":{"line":27,"column":1}},"25":{"start":{"line":26,"column":4},"end":{"line":26,"column":62}},"26":{"start":{"line":28,"column":0},"end":{"line":28,"column":62}},"27":{"start":{"line":29,"column":17},"end":{"line":29,"column":34}},"28":{"start":{"line":30,"column":15},"end":{"line":30,"column":48}},"29":{"start":{"line":31,"column":16},"end":{"line":31,"column":35}},"30":{"start":{"line":32,"column":15},"end":{"line":32,"column":49}},"31":{"start":{"line":33,"column":24},"end":{"line":33,"column":67}},"32":{"start":{"line":34,"column":13},"end":{"line":34,"column":42}},"33":{"start":{"line":35,"column":11},"end":{"line":35,"column":38}},"34":{"start":{"line":36,"column":21},"end":{"line":36,"column":42}},"35":{"start":{"line":37,"column":23},"end":{"line":37,"column":65}},"36":{"start":{"line":40,"column":29},"end":{"line":40,"column":72}},"37":{"start":{"line":41,"column":27},"end":{"line":43,"column":9}},"38":{"start":{"line":44,"column":8},"end":{"line":46,"column":11}},"39":{"start":{"line":45,"column":12},"end":{"line":45,"column":75}},"40":{"start":{"line":47,"column":8},"end":{"line":47,"column":53}},"41":{"start":{"line":48,"column":21},"end":{"line":48,"column":53}},"42":{"start":{"line":49,"column":8},"end":{"line":49,"column":20}},"43":{"start":{"line":52,"column":26},"end":{"line":52,"column":53}},"44":{"start":{"line":53,"column":8},"end":{"line":55,"column":9}},"45":{"start":{"line":54,"column":12},"end":{"line":54,"column":29}},"46":{"start":{"line":56,"column":8},"end":{"line":56,"column":39}},"47":{"start":{"line":57,"column":8},"end":{"line":57,"column":25}},"48":{"start":{"line":60,"column":21},"end":{"line":60,"column":23}},"49":{"start":{"line":61,"column":30},"end":{"line":69,"column":38}},"50":{"start":{"line":63,"column":12},"end":{"line":66,"column":13}},"51":{"start":{"line":65,"column":16},"end":{"line":65,"column":28}},"52":{"start":{"line":67,"column":12},"end":{"line":67,"column":21}},"53":{"start":{"line":69,"column":27},"end":{"line":69,"column":37}},"54":{"start":{"line":70,"column":8},"end":{"line":75,"column":9}},"55":{"start":{"line":70,"column":21},"end":{"line":70,"column":22}},"56":{"start":{"line":71,"column":26},"end":{"line":71,"column":55}},"57":{"start":{"line":72,"column":24},"end":{"line":72,"column":59}},"58":{"start":{"line":73,"column":12},"end":{"line":73,"column":68}},"59":{"start":{"line":73,"column":33},"end":{"line":73,"column":66}},"60":{"start":{"line":74,"column":12},"end":{"line":74,"column":27}},"61":{"start":{"line":76,"column":8},"end":{"line":82,"column":64}},"62":{"start":{"line":83,"column":8},"end":{"line":85,"column":9}},"63":{"start":{"line":84,"column":12},"end":{"line":84,"column":59}},"64":{"start":{"line":86,"column":8},"end":{"line":90,"column":205}},"65":{"start":{"line":91,"column":8},"end":{"line":91,"column":20}},"66":{"start":{"line":94,"column":8},"end":{"line":94,"column":70}},"67":{"start":{"line":94,"column":38},"end":{"line":94,"column":68}},"68":{"start":{"line":97,"column":23},"end":{"line":97,"column":59}},"69":{"start":{"line":98,"column":20},"end":{"line":98,"column":43}},"70":{"start":{"line":99,"column":8},"end":{"line":101,"column":9}},"71":{"start":{"line":100,"column":12},"end":{"line":100,"column":44}},"72":{"start":{"line":102,"column":23},"end":{"line":102,"column":51}},"73":{"start":{"line":103,"column":8},"end":{"line":103,"column":62}},"74":{"start":{"line":106,"column":27},"end":{"line":106,"column":70}},"75":{"start":{"line":107,"column":8},"end":{"line":107,"column":71}},"76":{"start":{"line":110,"column":0},"end":{"line":121,"column":2}},"77":{"start":{"line":122,"column":0},"end":{"line":122,"column":30}}},"fnMap":{"0":{"name":"(anonymous_0)","decl":{"start":{"line":2,"column":74},"end":{"line":2,"column":75}},"loc":{"start":{"line":2,"column":96},"end":{"line":9,"column":1}},"line":2},"1":{"name":"(anonymous_1)","decl":{"start":{"line":6,"column":38},"end":{"line":6,"column":39}},"loc":{"start":{"line":6,"column":49},"end":{"line":6,"column":65}},"line":6},"2":{"name":"(anonymous_2)","decl":{"start":{"line":9,"column":6},"end":{"line":9,"column":7}},"loc":{"start":{"line":9,"column":28},"end":{"line":12,"column":1}},"line":9},"3":{"name":"(anonymous_3)","decl":{"start":{"line":13,"column":80},"end":{"line":13,"column":81}},"loc":{"start":{"line":13,"column":95},"end":{"line":15,"column":1}},"line":13},"4":{"name":"(anonymous_4)","decl":{"start":{"line":15,"column":5},"end":{"line":15,"column":6}},"loc":{"start":{"line":15,"column":20},"end":{"line":17,"column":1}},"line":15},"5":{"name":"(anonymous_5)","decl":{"start":{"line":18,"column":50},"end":{"line":18,"column":51}},"loc":{"start":{"line":18,"column":65},"end":{"line":24,"column":1}},"line":18},"6":{"name":"(anonymous_6)","decl":{"start":{"line":25,"column":56},"end":{"line":25,"column":57}},"loc":{"start":{"line":25,"column":71},"end":{"line":27,"column":1}},"line":25},"7":{"name":"(anonymous_7)","decl":{"start":{"line":39,"column":4},"end":{"line":39,"column":5}},"loc":{"start":{"line":39,"column":27},"end":{"line":50,"column":5}},"line":39},"8":{"name":"(anonymous_8)","decl":{"start":{"line":44,"column":27},"end":{"line":44,"column":28}},"loc":{"start":{"line":44,"column":37},"end":{"line":46,"column":9}},"line":44},"9":{"name":"(anonymous_9)","decl":{"start":{"line":51,"column":4},"end":{"line":51,"column":5}},"loc":{"start":{"line":51,"column":32},"end":{"line":58,"column":5}},"line":51},"10":{"name":"(anonymous_10)","decl":{"start":{"line":59,"column":4},"end":{"line":59,"column":5}},"loc":{"start":{"line":59,"column":25},"end":{"line":92,"column":5}},"line":59},"11":{"name":"(anonymous_11)","decl":{"start":{"line":62,"column":17},"end":{"line":62,"column":18}},"loc":{"start":{"line":62,"column":24},"end":{"line":68,"column":9}},"line":62},"12":{"name":"(anonymous_12)","decl":{"start":{"line":69,"column":20},"end":{"line":69,"column":21}},"loc":{"start":{"line":69,"column":27},"end":{"line":69,"column":37}},"line":69},"13":{"name":"(anonymous_13)","decl":{"start":{"line":73,"column":26},"end":{"line":73,"column":27}},"loc":{"start":{"line":73,"column":33},"end":{"line":73,"column":66}},"line":73},"14":{"name":"(anonymous_14)","decl":{"start":{"line":93,"column":4},"end":{"line":93,"column":5}},"loc":{"start":{"line":93,"column":30},"end":{"line":95,"column":5}},"line":93},"15":{"name":"(anonymous_15)","decl":{"start":{"line":94,"column":31},"end":{"line":94,"column":32}},"loc":{"start":{"line":94,"column":38},"end":{"line":94,"column":68}},"line":94},"16":{"name":"(anonymous_16)","decl":{"start":{"line":96,"column":4},"end":{"line":96,"column":5}},"loc":{"start":{"line":96,"column":37},"end":{"line":104,"column":5}},"line":96},"17":{"name":"(anonymous_17)","decl":{"start":{"line":105,"column":4},"end":{"line":105,"column":5}},"loc":{"start":{"line":105,"column":34},"end":{"line":108,"column":5}},"line":105}},"branchMap":{"0":{"loc":{"start":{"line":2,"column":22},"end":{"line":12,"column":3}},"type":"binary-expr","locations":[{"start":{"line":2,"column":23},"end":{"line":2,"column":27}},{"start":{"line":2,"column":31},"end":{"line":2,"column":51}},{"start":{"line":2,"column":57},"end":{"line":12,"column":2}}],"line":2},"1":{"loc":{"start":{"line":2,"column":57},"end":{"line":12,"column":2}},"type":"cond-expr","locations":[{"start":{"line":2,"column":74},"end":{"line":9,"column":1}},{"start":{"line":9,"column":6},"end":{"line":12,"column":1}}],"line":2},"2":{"loc":{"start":{"line":3,"column":4},"end":{"line":3,"column":33}},"type":"if","locations":[{"start":{"line":3,"column":4},"end":{"line":3,"column":33}},{"start":{},"end":{}}],"line":3},"3":{"loc":{"start":{"line":5,"column":4},"end":{"line":7,"column":5}},"type":"if","locations":[{"start":{"line":5,"column":4},"end":{"line":7,"column":5}},{"start":{},"end":{}}],"line":5},"4":{"loc":{"start":{"line":5,"column":8},"end":{"line":5,"column":85}},"type":"binary-expr","locations":[{"start":{"line":5,"column":8},"end":{"line":5,"column":13}},{"start":{"line":5,"column":18},"end":{"line":5,"column":84}}],"line":5},"5":{"loc":{"start":{"line":5,"column":18},"end":{"line":5,"column":84}},"type":"cond-expr","locations":[{"start":{"line":5,"column":34},"end":{"line":5,"column":47}},{"start":{"line":5,"column":50},"end":{"line":5,"column":84}}],"line":5},"6":{"loc":{"start":{"line":5,"column":50},"end":{"line":5,"column":84}},"type":"binary-expr","locations":[{"start":{"line":5,"column":50},"end":{"line":5,"column":63}},{"start":{"line":5,"column":67},"end":{"line":5,"column":84}}],"line":5},"7":{"loc":{"start":{"line":10,"column":4},"end":{"line":10,"column":33}},"type":"if","locations":[{"start":{"line":10,"column":4},"end":{"line":10,"column":33}},{"start":{},"end":{}}],"line":10},"8":{"loc":{"start":{"line":13,"column":25},"end":{"line":17,"column":2}},"type":"binary-expr","locations":[{"start":{"line":13,"column":26},"end":{"line":13,"column":30}},{"start":{"line":13,"column":34},"end":{"line":13,"column":57}},{"start":{"line":13,"column":63},"end":{"line":17,"column":1}}],"line":13},"9":{"loc":{"start":{"line":13,"column":63},"end":{"line":17,"column":1}},"type":"cond-expr","locations":[{"start":{"line":13,"column":80},"end":{"line":15,"column":1}},{"start":{"line":15,"column":5},"end":{"line":17,"column":1}}],"line":13},"10":{"loc":{"start":{"line":18,"column":19},"end":{"line":24,"column":1}},"type":"binary-expr","locations":[{"start":{"line":18,"column":20},"end":{"line":18,"column":24}},{"start":{"line":18,"column":28},"end":{"line":18,"column":45}},{"start":{"line":18,"column":50},"end":{"line":24,"column":1}}],"line":18},"11":{"loc":{"start":{"line":19,"column":4},"end":{"line":19,"column":42}},"type":"if","locations":[{"start":{"line":19,"column":4},"end":{"line":19,"column":42}},{"start":{},"end":{}}],"line":19},"12":{"loc":{"start":{"line":19,"column":8},"end":{"line":19,"column":29}},"type":"binary-expr","locations":[{"start":{"line":19,"column":8},"end":{"line":19,"column":11}},{"start":{"line":19,"column":15},"end":{"line":19,"column":29}}],"line":19},"13":{"loc":{"start":{"line":21,"column":4},"end":{"line":21,"column":141}},"type":"if","locations":[{"start":{"line":21,"column":4},"end":{"line":21,"column":141}},{"start":{},"end":{}}],"line":21},"14":{"loc":{"start":{"line":21,"column":40},"end":{"line":21,"column":141}},"type":"if","locations":[{"start":{"line":21,"column":40},"end":{"line":21,"column":141}},{"start":{},"end":{}}],"line":21},"15":{"loc":{"start":{"line":21,"column":44},"end":{"line":21,"column":107}},"type":"binary-expr","locations":[{"start":{"line":21,"column":44},"end":{"line":21,"column":59}},{"start":{"line":21,"column":63},"end":{"line":21,"column":107}}],"line":21},"16":{"loc":{"start":{"line":25,"column":22},"end":{"line":27,"column":1}},"type":"binary-expr","locations":[{"start":{"line":25,"column":23},"end":{"line":25,"column":27}},{"start":{"line":25,"column":31},"end":{"line":25,"column":51}},{"start":{"line":25,"column":56},"end":{"line":27,"column":1}}],"line":25},"17":{"loc":{"start":{"line":26,"column":11},"end":{"line":26,"column":61}},"type":"cond-expr","locations":[{"start":{"line":26,"column":37},"end":{"line":26,"column":40}},{"start":{"line":26,"column":43},"end":{"line":26,"column":61}}],"line":26},"18":{"loc":{"start":{"line":26,"column":12},"end":{"line":26,"column":33}},"type":"binary-expr","locations":[{"start":{"line":26,"column":12},"end":{"line":26,"column":15}},{"start":{"line":26,"column":19},"end":{"line":26,"column":33}}],"line":26},"19":{"loc":{"start":{"line":53,"column":8},"end":{"line":55,"column":9}},"type":"if","locations":[{"start":{"line":53,"column":8},"end":{"line":55,"column":9}},{"start":{},"end":{}}],"line":53},"20":{"loc":{"start":{"line":63,"column":12},"end":{"line":66,"column":13}},"type":"if","locations":[{"start":{"line":63,"column":12},"end":{"line":66,"column":13}},{"start":{},"end":{}}],"line":63},"21":{"loc":{"start":{"line":63,"column":16},"end":{"line":64,"column":59}},"type":"binary-expr","locations":[{"start":{"line":63,"column":17},"end":{"line":63,"column":52}},{"start":{"line":63,"column":56},"end":{"line":63,"column":90}},{"start":{"line":64,"column":16},"end":{"line":64,"column":59}}],"line":63},"22":{"loc":{"start":{"line":82,"column":33},"end":{"line":82,"column":61}},"type":"binary-expr","locations":[{"start":{"line":82,"column":33},"end":{"line":82,"column":55}},{"start":{"line":82,"column":59},"end":{"line":82,"column":61}}],"line":82},"23":{"loc":{"start":{"line":83,"column":8},"end":{"line":85,"column":9}},"type":"if","locations":[{"start":{"line":83,"column":8},"end":{"line":85,"column":9}},{"start":{},"end":{}}],"line":83},"24":{"loc":{"start":{"line":87,"column":22},"end":{"line":87,"column":75}},"type":"cond-expr","locations":[{"start":{"line":87,"column":58},"end":{"line":87,"column":65}},{"start":{"line":87,"column":68},"end":{"line":87,"column":75}}],"line":87},"25":{"loc":{"start":{"line":90,"column":22},"end":{"line":90,"column":69}},"type":"cond-expr","locations":[{"start":{"line":90,"column":58},"end":{"line":90,"column":62}},{"start":{"line":90,"column":65},"end":{"line":90,"column":69}}],"line":90}},"s":{"0":1,"1":119,"2":119,"3":119,"4":119,"5":114,"6":6,"7":119,"8":0,"9":0,"10":0,"11":1,"12":2,"13":0,"14":1,"15":2,"16":0,"17":2,"18":2,"19":2,"20":119,"21":119,"22":2,"23":2,"24":1,"25":3,"26":1,"27":1,"28":1,"29":1,"30":1,"31":1,"32":1,"33":1,"34":1,"35":1,"36":1,"37":1,"38":1,"39":10,"40":1,"41":1,"42":1,"43":2,"44":2,"45":1,"46":1,"47":1,"48":1,"49":1,"50":10,"51":2,"52":8,"53":10,"54":1,"55":1,"56":4,"57":4,"58":4,"59":8,"60":4,"61":1,"62":1,"63":1,"64":1,"65":1,"66":4,"67":26,"68":1,"69":1,"70":1,"71":10,"72":1,"73":1,"74":3,"75":3,"76":1,"77":1},"f":{"0":119,"1":6,"2":0,"3":2,"4":0,"5":2,"6":3,"7":1,"8":10,"9":2,"10":1,"11":10,"12":10,"13":8,"14":4,"15":26,"16":1,"17":3},"b":{"0":[1,1,1],"1":[1,0],"2":[119,0],"3":[114,5],"4":[119,119],"5":[5,114],"6":[114,5],"7":[0,0],"8":[1,1,1],"9":[1,0],"10":[1,1,1],"11":[0,2],"12":[2,2],"13":[2,0],"14":[119,0],"15":[119,119],"16":[1,1,1],"17":[3,0],"18":[3,3],"19":[1,1],"20":[2,8],"21":[10,10,9],"22":[1,0],"23":[1,0],"24":[0,1],"25":[0,1]},"inputSourceMap":{"version":3,"file":"/usr/src/app/src/libs/montage/PartManager.ts","sources":["/usr/src/app/src/libs/montage/PartManager.ts"],"names":[],"mappings":";;;;;;;;;;;;;;;;;;;;;;;;;;;;AAAA,mCAAsC;AACtC,iDAA8E;AAC9E,oCAA2C;AAC3C,kDAA0B;AAC1B,oEAA4C;AAC5C,2CAA6B;AAC7B,uCAAyB;AACzB,2CAA0E;AAC1E,kEAA0C;AAE1C,MAAqB,WAAW;IAkBrB,MAAM,CAAC,aAAa;QACvB,MAAM,YAAY,GAAG,IAAA,uBAAe,EAAC,aAAM,CAAC,CAAC;QAE7C,MAAM,UAAU,GAAqC;YACjD,MAAM,EAAE,YAAY;SACvB,CAAC;QAEF,IAAI,CAAC,KAAK,CAAC,OAAO,CAAC,CAAC,IAAI,EAAE,EAAE;YACxB,UAAU,CAAC,IAAI,CAAC,YAAY,EAAE,CAAC,GAAG,IAAI,CAAC,SAAS,CAAC,YAAsB,CAAC,CAAC;QAC7E,CAAC,CAAC,CAAC;QAEH,UAAU,CAAC,WAAW,CAAC,GAAG,UAAU,CAAC,MAAM,CAAC,CAAC;QAE7C,MAAM,IAAI,GAAG,IAAI,gBAAS,CAAC,UAAU,CAAC,CAAC;QAEvC,OAAO,IAAI,CAAC;IAChB,CAAC;IAKM,MAAM,CAAC,KAAK,CAAC,QAAQ,CAAC,IAAgB;QACzC,MAAM,SAAS,GAAG,IAAI,CAAC,gBAAgB,CAAC,IAAI,CAAC,CAAC;QAE9C,IAAI,EAAE,CAAC,UAAU,CAAC,SAAS,CAAC,EAAE,CAAC;YAC3B,OAAO,SAAS,CAAC;QACrB,CAAC;QAED,MAAM,IAAI,CAAC,aAAa,CAAC,IAAI,CAAC,CAAC;QAE/B,OAAO,SAAS,CAAC;IACrB,CAAC;IAKM,MAAM,CAAC,OAAO,CAAC,IAAgB;QAClC,MAAM,IAAI,GAAsC,EAAE,CAAC;QAGnD,MAAM,aAAa,GAAG,IAAI,CAAC,KAAK;aAC3B,GAAG,CAAC,CAAC,CAAC,EAAE,EAAE;YACP,IACI,CAAC,IAAI,CAAC,MAAM,KAAK,aAAM,CAAC,KAAK,IAAI,CAAC,CAAC,YAAY,EAAE,KAAK,aAAa,CAAC;gBACpE,CAAC,CAAC,YAAY,EAAE,CAAC,QAAQ,EAAE,KAAK,WAAW,EAC7C,CAAC;gBACC,OAAO,IAAI,CAAC;YAChB,CAAC;YAED,OAAO,CAAC,CAAC;QACb,CAAC,CAAC;aACD,MAAM,CAAC,CAAC,CAAC,EAAE,EAAE,CAAC,CAAC,KAAK,IAAI,CAAC,CAAC;QAE/B,KAAK,IAAI,CAAC,GAAG,CAAC,EAAE,CAAC,GAAG,aAAa,CAAC,MAAM,EAAE,CAAC,IAAI,CAAC,EAAE,CAAC;YAC/C,MAAM,KAAK,GAAG,aAAa,CAAC,KAAK,CAAC,CAAC,EAAE,CAAC,GAAG,CAAC,CAAC,CAAC;YAC5C,MAAM,GAAG,GAAG,IAAI,6BAAgB,EAAiB,CAAC;YAElD,KAAK,CAAC,OAAO,CAAC,CAAC,CAAC,EAAE,EAAE,CAAC,GAAG,CAAC,aAAa,CAAC,CAAC,CAAC,UAAU,EAAE,CAAC,CAAC,CAAC;YAExD,IAAI,CAAC,IAAI,CAAC,GAAG,CAAC,CAAC;QACnB,CAAC;QAED,IAAI;aACC,EAAE,CAAC,CAAC,CAAC;YACN,EAAE,aAAa,CACX,IAAI,0BAAa,EAAE;aACd,QAAQ,CAAC,WAAW,CAAC;aACrB,WAAW,CAAC,mBAAmB,CAAC;aAChC,QAAQ,CAAC,wBAAW,CAAC,OAAO,CAAC;aAC7B,QAAQ,CAAC,IAAI,CAAC,EACnB,GAAG,CAAC,IAAI,CAAC,EAAE,CAAC,CAAC,CAAC,EAAE,UAAU,IAAI,EAAE,CAAC,CACpC,CAAC;QAEN,IAAI,IAAI,CAAC,MAAM,KAAK,aAAM,CAAC,KAAK,EAAE,CAAC;YAC/B,IAAI,CAAC,IAAI,CAAC,IAAI,6BAAgB,EAAiB,CAAC,CAAC;QACrD,CAAC;QAED,IAAI,CAAC,EAAE,CAAC,IAAI,CAAC,MAAM,GAAG,CAAC,CAAC,EAAE,aAAa,CACnC,IAAI,0BAAa,EAAE;aACd,QAAQ,CAAC,IAAI,CAAC,MAAM,KAAK,aAAM,CAAC,GAAG,CAAC,CAAC,CAAC,OAAO,CAAC,CAAC,CAAC,OAAO,CAAC;aACxD,WAAW,CAAC,mBAAmB,CAAC;aAChC,QAAQ,CAAC,wBAAW,CAAC,OAAO,CAAC;aAC7B,QAAQ,CAAC,IAAI,CAAC,MAAM,KAAK,aAAM,CAAC,GAAG,CAAC,CAAC,CAAC,IAAI,CAAC,CAAC,CAAC,IAAI,CAAC,EACvD,IAAI,0BAAa,EAAE,CAAC,QAAQ,CAAC,WAAW,CAAC,CAAC,WAAW,CAAC,oBAAoB,CAAC,CAAC,QAAQ,CAAC,wBAAW,CAAC,OAAO,CAAC,CAC5G,CAAC;QAEF,OAAO,IAAI,CAAC;IAChB,CAAC;IAKM,MAAM,CAAC,OAAO,CAAC,SAAsB;QACxC,OAAO,IAAI,CAAC,KAAK,CAAC,IAAI,CAAC,CAAC,CAAC,EAAE,EAAE,CAAC,CAAC,CAAC,YAAY,EAAE,KAAK,SAAS,CAAC,CAAC;IAClE,CAAC;IAKO,MAAM,CAAC,KAAK,CAAC,aAAa,CAAC,IAAgB;QAC/C,MAAM,MAAM,GAAG,IAAA,qBAAY,EAAC,GAAG,EAAE,GAAG,CAAC,CAAC;QACtC,MAAM,GAAG,GAAG,MAAM,CAAC,UAAU,CAAC,IAAI,CAAC,CAAC;QAEpC,IAAI,KAAK,EAAE,MAAM,IAAI,IAAI,IAAI,CAAC,KAAK,EAAE,CAAC;YAClC,MAAM,IAAI,CAAC,SAAS,CAAC,IAAI,EAAE,GAAG,CAAC,CAAC;QACpC,CAAC;QAGD,MAAM,MAAM,GAAG,MAAM,CAAC,QAAQ,CAAC,WAAW,CAAC,CAAC;QAC5C,EAAE,CAAC,aAAa,CAAC,IAAI,CAAC,gBAAgB,CAAC,IAAI,CAAC,EAAE,MAAM,CAAC,CAAC;IAC1D,CAAC;IAKO,MAAM,CAAC,gBAAgB,CAAC,IAAgB;QAC5C,MAAM,UAAU,GAAG,MAAM,CAAC,MAAM,CAAC,IAAI,CAAC,QAAQ,EAAE,CAAC,CAAC,KAAK,CAAC,CAAC,EAAE,CAAC,CAAC,CAAC,CAAC;QAC/D,OAAO,IAAI,CAAC,IAAI,CAAC,aAAa,EAAE,UAAU,CAAC,IAAI,CAAC,GAAG,CAAC,GAAG,MAAM,CAAC,CAAC;IACnE,CAAC;;AAvIc,iBAAK,GAAW;IAC3B,IAAI,sBAAY,EAAE;IAClB,IAAI,cAAI,CAAC,OAAO,EAAE,SAAS,CAAC;IAC5B,IAAI,uBAAa,CAAC,MAAM,EAAE,QAAQ,CAAC;IACnC,IAAI,uBAAa,CAAC,MAAM,EAAE,KAAK,CAAC;IAChC,IAAI,uBAAa,CAAC,OAAO,EAAE,QAAQ,CAAC;IACpC,IAAI,cAAI,CAAC,MAAM,EAAE,MAAM,CAAC;IACxB,IAAI,cAAI,CAAC,UAAU,EAAE,UAAU,CAAC;IAChC,IAAI,cAAI,CAAC,MAAM,EAAE,SAAS,CAAC;IAC3B,IAAI,cAAI,CAAC,aAAa,EAAE,OAAO,EAAE,KAAK,CAAC;IACvC,IAAI,cAAI,CAAC,YAAY,EAAE,OAAO,EAAE,KAAK,CAAC;CACzC,CAAC;kBAZe,WAAW","sourcesContent":["import { createCanvas } from 'canvas';\nimport { Gender, ISkin, SkinModel, SkinModule } from '../../models/user/skin';\nimport { randomEnumValue } from '../utils';\nimport Part from './Part';\nimport PartWithColor from './PartWithColor';\nimport * as path from 'path';\nimport * as fs from 'fs';\nimport { ActionRowBuilder, ButtonBuilder, ButtonStyle } from 'discord.js';\nimport PartHairBack from './PartHairBack';\n\nexport default class PartManager {\n    private static parts: Part[] = [\n        new PartHairBack(),\n        new Part('color', 'Couleur'),\n        new PartWithColor('head', 'Visage'),\n        new PartWithColor('nose', 'Nez'),\n        new PartWithColor('mouth', 'Bouche'),\n        new Part('eyes', 'Yeux'),\n        new Part('eyebrows', 'Sourcils'),\n        new Part('hair', 'Cheveux'),\n        new Part('facial_hair', 'Barbe', false),\n        new Part('decoration', 'Extra', false),\n    ];\n\n    /**\n     * Génère un skin aléatoire avec des valeurs possibles\n     * @returns Skin\n     */\n    public static getRandomSkin(): SkinModule {\n        const randomGender = randomEnumValue(Gender);\n\n        const attributes: { [k: string]: number | string } = {\n            gender: randomGender,\n        };\n\n        this.parts.forEach((part) => {\n            attributes[part.getAttribute()] = part.getRandom(randomGender as Gender);\n        });\n\n        attributes['hair_back'] = attributes['hair'];\n\n        const skin = new SkinModel(attributes);\n\n        return skin;\n    }\n\n    /**\n     * Retourne l'image du skin\n     */\n    public static async getImage(skin: SkinModule): Promise<string> {\n        const imagePath = this.getSkinImagePath(skin);\n\n        if (fs.existsSync(imagePath)) {\n            return imagePath;\n        }\n\n        await this.generateImage(skin);\n\n        return imagePath;\n    }\n\n    /**\n     * Retourne les sélecteurs pour chaque attribut\n     */\n    public static getRows(skin: SkinModule): ActionRowBuilder<ButtonBuilder>[] {\n        const rows: ActionRowBuilder<ButtonBuilder>[] = [];\n\n        // On enlève la barbe pour les femmes\n        const filteredParts = this.parts\n            .map((p) => {\n                if (\n                    (skin.gender === Gender.Women && p.getAttribute() === 'facial_hair') ||\n                    p.getAttribute().toString() === 'hair_back'\n                ) {\n                    return null;\n                }\n\n                return p;\n            })\n            .filter((p) => p !== null);\n\n        for (let i = 0; i < filteredParts.length; i += 2) {\n            const chunk = filteredParts.slice(i, i + 2);\n            const row = new ActionRowBuilder<ButtonBuilder>();\n\n            chunk.forEach((c) => row.addComponents(c.getButtons()));\n\n            rows.push(row);\n        }\n\n        rows\n            .at(0)\n            ?.setComponents(\n                new ButtonBuilder()\n                    .setLabel('Aléatoire')\n                    .setCustomId('SkinButton-random')\n                    .setStyle(ButtonStyle.Primary)\n                    .setEmoji('🎲'),\n                ...(rows.at(0)?.components ?? []),\n            );\n\n        if (skin.gender === Gender.Women) {\n            rows.push(new ActionRowBuilder<ButtonBuilder>());\n        }\n\n        rows.at(rows.length - 1)?.addComponents(\n            new ButtonBuilder()\n                .setLabel(skin.gender === Gender.Men ? 'Femme' : 'Homme')\n                .setCustomId('SkinButton-gender')\n                .setStyle(ButtonStyle.Primary)\n                .setEmoji(skin.gender === Gender.Men ? '🚺' : '🚹'),\n            new ButtonBuilder().setLabel('Confirmer').setCustomId('SkinButton-confirm').setStyle(ButtonStyle.Success),\n        );\n\n        return rows;\n    }\n\n    /**\n     * Retourne une partie\n     */\n    public static getPart(attribute: keyof ISkin): Part | undefined {\n        return this.parts.find((p) => p.getAttribute() === attribute);\n    }\n\n    /**\n     * Génère une image en fonction d'un skin\n     */\n    private static async generateImage(skin: SkinModule): Promise<void> {\n        const canvas = createCanvas(350, 900);\n        const ctx = canvas.getContext('2d');\n\n        for await (const part of this.parts) {\n            await part.drawImage(skin, ctx);\n        }\n\n        // Génération de l'image\n        const buffer = canvas.toBuffer('image/png');\n        fs.writeFileSync(this.getSkinImagePath(skin), buffer);\n    }\n\n    /**\n     * Retourne le chemin de l'image en fonction du skin\n     */\n    private static getSkinImagePath(skin: SkinModule) {\n        const skinValues = Object.values(skin.toObject()).slice(0, -1);\n        return path.join('public/skin', skinValues.join('_') + '.png');\n    }\n}\n"]},"_coverageSchema":"1a1c01bbd47fc00a2c39e90264f33305004495a9","hash":"d769b49ac6be19bb5ed6e513af31584c1ba91543"},"/usr/src/app/src/libs/utils.ts":{"path":"/usr/src/app/src/libs/utils.ts","statementMap":{"0":{"start":{"line":2,"column":0},"end":{"line":2,"column":62}},"1":{"start":{"line":3,"column":0},"end":{"line":3,"column":57}},"2":{"start":{"line":4,"column":22},"end":{"line":8,"column":1}},"3":{"start":{"line":5,"column":17},"end":{"line":5,"column":92}},"4":{"start":{"line":5,"column":56},"end":{"line":5,"column":91}},"5":{"start":{"line":6,"column":20},"end":{"line":6,"column":65}},"6":{"start":{"line":7,"column":4},"end":{"line":7,"column":19}},"7":{"start":{"line":9,"column":0},"end":{"line":9,"column":38}},"8":{"start":{"line":10,"column":24},"end":{"line":10,"column":80}},"9":{"start":{"line":10,"column":41},"end":{"line":10,"column":80}},"10":{"start":{"line":11,"column":0},"end":{"line":11,"column":42}}},"fnMap":{"0":{"name":"(anonymous_0)","decl":{"start":{"line":4,"column":22},"end":{"line":4,"column":23}},"loc":{"start":{"line":4,"column":39},"end":{"line":8,"column":1}},"line":4},"1":{"name":"(anonymous_1)","decl":{"start":{"line":5,"column":49},"end":{"line":5,"column":50}},"loc":{"start":{"line":5,"column":56},"end":{"line":5,"column":91}},"line":5},"2":{"name":"(anonymous_2)","decl":{"start":{"line":10,"column":24},"end":{"line":10,"column":25}},"loc":{"start":{"line":10,"column":41},"end":{"line":10,"column":80}},"line":10}},"branchMap":{},"s":{"0":1,"1":1,"2":1,"3":1,"4":2,"5":1,"6":1,"7":1,"8":1,"9":1,"10":1},"f":{"0":1,"1":2,"2":1},"b":{},"inputSourceMap":{"version":3,"file":"/usr/src/app/src/libs/utils.ts","sources":["/usr/src/app/src/libs/utils.ts"],"names":[],"mappings":";;;AAAA,MAAM,aAAa,GAAG,CAAC,WAAoC,EAAU,EAAE;IACnE,MAAM,IAAI,GAAG,MAAM,CAAC,IAAI,CAAC,WAAW,CAAC,CAAC,MAAM,CAAC,CAAC,CAAC,EAAE,EAAE,CAAC,CAAC,CAAC,IAAI,CAAC,GAAG,CAAC,MAAM,CAAC,QAAQ,CAAC,CAAC,CAAC,CAAC,GAAG,CAAC,CAAC,CAAC,CAAC;IACzF,MAAM,OAAO,GAAG,IAAI,CAAC,IAAI,CAAC,KAAK,CAAC,IAAI,CAAC,MAAM,EAAE,GAAG,IAAI,CAAC,MAAM,CAAC,CAAC,CAAC;IAC9D,OAAO,OAAO,CAAC;AACnB,CAAC,CAAC;AAIO,sCAAa;AAFtB,MAAM,eAAe,GAAG,CAAC,WAAoC,EAAU,EAAE,CAAC,WAAW,CAAC,aAAa,CAAC,WAAW,CAAC,CAAC,CAAC;AAE1F,0CAAe","sourcesContent":["const randomEnumKey = (enumeration: { [s: string]: string }): string => {\n    const keys = Object.keys(enumeration).filter((k) => !(Math.abs(Number.parseInt(k)) + 1));\n    const enumKey = keys[Math.floor(Math.random() * keys.length)];\n    return enumKey;\n};\n\nconst randomEnumValue = (enumeration: { [s: string]: string }): string => enumeration[randomEnumKey(enumeration)];\n\nexport { randomEnumKey, randomEnumValue };\n"]},"_coverageSchema":"1a1c01bbd47fc00a2c39e90264f33305004495a9","hash":"d4ca81703f47ccfc87418a7605d0cc049abf7ae1"},"/usr/src/app/src/libs/montage/Part.ts":{"path":"/usr/src/app/src/libs/montage/Part.ts","statementMap":{"0":{"start":{"line":2,"column":22},"end":{"line":12,"column":3}},"1":{"start":{"line":3,"column":4},"end":{"line":3,"column":33}},"2":{"start":{"line":3,"column":26},"end":{"line":3,"column":33}},"3":{"start":{"line":4,"column":15},"end":{"line":4,"column":52}},"4":{"start":{"line":5,"column":4},"end":{"line":7,"column":5}},"5":{"start":{"line":6,"column":6},"end":{"line":6,"column":68}},"6":{"start":{"line":6,"column":51},"end":{"line":6,"column":63}},"7":{"start":{"line":8,"column":4},"end":{"line":8,"column":39}},"8":{"start":{"line":10,"column":4},"end":{"line":10,"column":33}},"9":{"start":{"line":10,"column":26},"end":{"line":10,"column":33}},"10":{"start":{"line":11,"column":4},"end":{"line":11,"column":17}},"11":{"start":{"line":13,"column":25},"end":{"line":17,"column":2}},"12":{"start":{"line":14,"column":4},"end":{"line":14,"column":72}},"13":{"start":{"line":16,"column":4},"end":{"line":16,"column":21}},"14":{"start":{"line":18,"column":19},"end":{"line":24,"column":1}},"15":{"start":{"line":19,"column":4},"end":{"line":19,"column":42}},"16":{"start":{"line":19,"column":31},"end":{"line":19,"column":42}},"17":{"start":{"line":20,"column":17},"end":{"line":20,"column":19}},"18":{"start":{"line":21,"column":4},"end":{"line":21,"column":141}},"19":{"start":{"line":21,"column":21},"end":{"line":21,"column":141}},"20":{"start":{"line":21,"column":40},"end":{"line":21,"column":141}},"21":{"start":{"line":21,"column":109},"end":{"line":21,"column":141}},"22":{"start":{"line":22,"column":4},"end":{"line":22,"column":36}},"23":{"start":{"line":23,"column":4},"end":{"line":23,"column":18}},"24":{"start":{"line":25,"column":0},"end":{"line":25,"column":62}},"25":{"start":{"line":26,"column":17},"end":{"line":26,"column":34}},"26":{"start":{"line":27,"column":15},"end":{"line":27,"column":48}},"27":{"start":{"line":28,"column":11},"end":{"line":28,"column":38}},"28":{"start":{"line":29,"column":13},"end":{"line":29,"column":42}},"29":{"start":{"line":30,"column":21},"end":{"line":30,"column":42}},"30":{"start":{"line":33,"column":8},"end":{"line":33,"column":35}},"31":{"start":{"line":34,"column":8},"end":{"line":34,"column":27}},"32":{"start":{"line":35,"column":8},"end":{"line":35,"column":33}},"33":{"start":{"line":38,"column":8},"end":{"line":38,"column":79}},"34":{"start":{"line":41,"column":8},"end":{"line":41,"column":30}},"35":{"start":{"line":44,"column":21},"end":{"line":44,"column":47}},"36":{"start":{"line":45,"column":8},"end":{"line":47,"column":9}},"37":{"start":{"line":46,"column":12},"end":{"line":46,"column":21}},"38":{"start":{"line":48,"column":27},"end":{"line":48,"column":69}},"39":{"start":{"line":49,"column":8},"end":{"line":49,"column":60}},"40":{"start":{"line":52,"column":8},"end":{"line":54,"column":9}},"41":{"start":{"line":53,"column":12},"end":{"line":53,"column":89}},"42":{"start":{"line":55,"column":27},"end":{"line":55,"column":100}},"43":{"start":{"line":56,"column":8},"end":{"line":58,"column":9}},"44":{"start":{"line":57,"column":12},"end":{"line":57,"column":30}},"45":{"start":{"line":59,"column":8},"end":{"line":59,"column":20}},"46":{"start":{"line":62,"column":21},"end":{"line":62,"column":44}},"47":{"start":{"line":63,"column":8},"end":{"line":65,"column":9}},"48":{"start":{"line":64,"column":12},"end":{"line":64,"column":19}},"49":{"start":{"line":66,"column":22},"end":{"line":66,"column":57}},"50":{"start":{"line":67,"column":8},"end":{"line":75,"column":9}},"51":{"start":{"line":68,"column":12},"end":{"line":68,"column":42}},"52":{"start":{"line":70,"column":13},"end":{"line":75,"column":9}},"53":{"start":{"line":71,"column":12},"end":{"line":71,"column":41}},"54":{"start":{"line":73,"column":13},"end":{"line":75,"column":9}},"55":{"start":{"line":74,"column":12},"end":{"line":74,"column":41}},"56":{"start":{"line":78,"column":18},"end":{"line":78,"column":19}},"57":{"start":{"line":79,"column":8},"end":{"line":81,"column":9}},"58":{"start":{"line":80,"column":12},"end":{"line":80,"column":20}},"59":{"start":{"line":82,"column":27},"end":{"line":82,"column":69}},"60":{"start":{"line":83,"column":20},"end":{"line":83,"column":26}},"61":{"start":{"line":84,"column":8},"end":{"line":92,"column":9}},"62":{"start":{"line":85,"column":12},"end":{"line":85,"column":23}},"63":{"start":{"line":87,"column":13},"end":{"line":92,"column":9}},"64":{"start":{"line":88,"column":12},"end":{"line":88,"column":23}},"65":{"start":{"line":91,"column":12},"end":{"line":91,"column":25}},"66":{"start":{"line":95,"column":8},"end":{"line":106,"column":10}},"67":{"start":{"line":109,"column":0},"end":{"line":109,"column":23}}},"fnMap":{"0":{"name":"(anonymous_0)","decl":{"start":{"line":2,"column":74},"end":{"line":2,"column":75}},"loc":{"start":{"line":2,"column":96},"end":{"line":9,"column":1}},"line":2},"1":{"name":"(anonymous_1)","decl":{"start":{"line":6,"column":38},"end":{"line":6,"column":39}},"loc":{"start":{"line":6,"column":49},"end":{"line":6,"column":65}},"line":6},"2":{"name":"(anonymous_2)","decl":{"start":{"line":9,"column":6},"end":{"line":9,"column":7}},"loc":{"start":{"line":9,"column":28},"end":{"line":12,"column":1}},"line":9},"3":{"name":"(anonymous_3)","decl":{"start":{"line":13,"column":80},"end":{"line":13,"column":81}},"loc":{"start":{"line":13,"column":95},"end":{"line":15,"column":1}},"line":13},"4":{"name":"(anonymous_4)","decl":{"start":{"line":15,"column":5},"end":{"line":15,"column":6}},"loc":{"start":{"line":15,"column":20},"end":{"line":17,"column":1}},"line":15},"5":{"name":"(anonymous_5)","decl":{"start":{"line":18,"column":50},"end":{"line":18,"column":51}},"loc":{"start":{"line":18,"column":65},"end":{"line":24,"column":1}},"line":18},"6":{"name":"(anonymous_6)","decl":{"start":{"line":32,"column":4},"end":{"line":32,"column":5}},"loc":{"start":{"line":32,"column":51},"end":{"line":36,"column":5}},"line":32},"7":{"name":"(anonymous_7)","decl":{"start":{"line":37,"column":4},"end":{"line":37,"column":5}},"loc":{"start":{"line":37,"column":26},"end":{"line":39,"column":5}},"line":37},"8":{"name":"(anonymous_8)","decl":{"start":{"line":40,"column":4},"end":{"line":40,"column":5}},"loc":{"start":{"line":40,"column":19},"end":{"line":42,"column":5}},"line":40},"9":{"name":"(anonymous_9)","decl":{"start":{"line":43,"column":4},"end":{"line":43,"column":5}},"loc":{"start":{"line":43,"column":22},"end":{"line":50,"column":5}},"line":43},"10":{"name":"(anonymous_10)","decl":{"start":{"line":51,"column":4},"end":{"line":51,"column":5}},"loc":{"start":{"line":51,"column":23},"end":{"line":60,"column":5}},"line":51},"11":{"name":"(anonymous_11)","decl":{"start":{"line":61,"column":4},"end":{"line":61,"column":5}},"loc":{"start":{"line":61,"column":31},"end":{"line":76,"column":5}},"line":61},"12":{"name":"(anonymous_12)","decl":{"start":{"line":77,"column":4},"end":{"line":77,"column":5}},"loc":{"start":{"line":77,"column":25},"end":{"line":93,"column":5}},"line":77},"13":{"name":"(anonymous_13)","decl":{"start":{"line":94,"column":4},"end":{"line":94,"column":5}},"loc":{"start":{"line":94,"column":17},"end":{"line":107,"column":5}},"line":94}},"branchMap":{"0":{"loc":{"start":{"line":2,"column":22},"end":{"line":12,"column":3}},"type":"binary-expr","locations":[{"start":{"line":2,"column":23},"end":{"line":2,"column":27}},{"start":{"line":2,"column":31},"end":{"line":2,"column":51}},{"start":{"line":2,"column":57},"end":{"line":12,"column":2}}],"line":2},"1":{"loc":{"start":{"line":2,"column":57},"end":{"line":12,"column":2}},"type":"cond-expr","locations":[{"start":{"line":2,"column":74},"end":{"line":9,"column":1}},{"start":{"line":9,"column":6},"end":{"line":12,"column":1}}],"line":2},"2":{"loc":{"start":{"line":3,"column":4},"end":{"line":3,"column":33}},"type":"if","locations":[{"start":{"line":3,"column":4},"end":{"line":3,"column":33}},{"start":{},"end":{}}],"line":3},"3":{"loc":{"start":{"line":5,"column":4},"end":{"line":7,"column":5}},"type":"if","locations":[{"start":{"line":5,"column":4},"end":{"line":7,"column":5}},{"start":{},"end":{}}],"line":5},"4":{"loc":{"start":{"line":5,"column":8},"end":{"line":5,"column":85}},"type":"binary-expr","locations":[{"start":{"line":5,"column":8},"end":{"line":5,"column":13}},{"start":{"line":5,"column":18},"end":{"line":5,"column":84}}],"line":5},"5":{"loc":{"start":{"line":5,"column":18},"end":{"line":5,"column":84}},"type":"cond-expr","locations":[{"start":{"line":5,"column":34},"end":{"line":5,"column":47}},{"start":{"line":5,"column":50},"end":{"line":5,"column":84}}],"line":5},"6":{"loc":{"start":{"line":5,"column":50},"end":{"line":5,"column":84}},"type":"binary-expr","locations":[{"start":{"line":5,"column":50},"end":{"line":5,"column":63}},{"start":{"line":5,"column":67},"end":{"line":5,"column":84}}],"line":5},"7":{"loc":{"start":{"line":10,"column":4},"end":{"line":10,"column":33}},"type":"if","locations":[{"start":{"line":10,"column":4},"end":{"line":10,"column":33}},{"start":{},"end":{}}],"line":10},"8":{"loc":{"start":{"line":13,"column":25},"end":{"line":17,"column":2}},"type":"binary-expr","locations":[{"start":{"line":13,"column":26},"end":{"line":13,"column":30}},{"start":{"line":13,"column":34},"end":{"line":13,"column":57}},{"start":{"line":13,"column":63},"end":{"line":17,"column":1}}],"line":13},"9":{"loc":{"start":{"line":13,"column":63},"end":{"line":17,"column":1}},"type":"cond-expr","locations":[{"start":{"line":13,"column":80},"end":{"line":15,"column":1}},{"start":{"line":15,"column":5},"end":{"line":17,"column":1}}],"line":13},"10":{"loc":{"start":{"line":18,"column":19},"end":{"line":24,"column":1}},"type":"binary-expr","locations":[{"start":{"line":18,"column":20},"end":{"line":18,"column":24}},{"start":{"line":18,"column":28},"end":{"line":18,"column":45}},{"start":{"line":18,"column":50},"end":{"line":24,"column":1}}],"line":18},"11":{"loc":{"start":{"line":19,"column":4},"end":{"line":19,"column":42}},"type":"if","locations":[{"start":{"line":19,"column":4},"end":{"line":19,"column":42}},{"start":{},"end":{}}],"line":19},"12":{"loc":{"start":{"line":19,"column":8},"end":{"line":19,"column":29}},"type":"binary-expr","locations":[{"start":{"line":19,"column":8},"end":{"line":19,"column":11}},{"start":{"line":19,"column":15},"end":{"line":19,"column":29}}],"line":19},"13":{"loc":{"start":{"line":21,"column":4},"end":{"line":21,"column":141}},"type":"if","locations":[{"start":{"line":21,"column":4},"end":{"line":21,"column":141}},{"start":{},"end":{}}],"line":21},"14":{"loc":{"start":{"line":21,"column":40},"end":{"line":21,"column":141}},"type":"if","locations":[{"start":{"line":21,"column":40},"end":{"line":21,"column":141}},{"start":{},"end":{}}],"line":21},"15":{"loc":{"start":{"line":21,"column":44},"end":{"line":21,"column":107}},"type":"binary-expr","locations":[{"start":{"line":21,"column":44},"end":{"line":21,"column":59}},{"start":{"line":21,"column":63},"end":{"line":21,"column":107}}],"line":21},"16":{"loc":{"start":{"line":32,"column":34},"end":{"line":32,"column":49}},"type":"default-arg","locations":[{"start":{"line":32,"column":45},"end":{"line":32,"column":49}}],"line":32},"17":{"loc":{"start":{"line":45,"column":8},"end":{"line":47,"column"
[...]
ine":16,"column":44},"end":{"line":16,"column":57}},"11":{"start":{"line":17,"column":8},"end":{"line":19,"column":9}},"12":{"start":{"line":18,"column":12},"end":{"line":18,"column":70}},"13":{"start":{"line":20,"column":8},"end":{"line":20,"column":17}},"14":{"start":{"line":23,"column":0},"end":{"line":32,"column":2}},"15":{"start":{"line":33,"column":0},"end":{"line":33,"column":25}}},"fnMap":{"0":{"name":"(anonymous_0)","decl":{"start":{"line":4,"column":4},"end":{"line":4,"column":5}},"loc":{"start":{"line":4,"column":56},"end":{"line":10,"column":5}},"line":4},"1":{"name":"(anonymous_1)","decl":{"start":{"line":11,"column":4},"end":{"line":11,"column":5}},"loc":{"start":{"line":11,"column":23},"end":{"line":14,"column":5}},"line":11},"2":{"name":"(anonymous_2)","decl":{"start":{"line":12,"column":60},"end":{"line":12,"column":61}},"loc":{"start":{"line":12,"column":67},"end":{"line":12,"column":103}},"line":12},"3":{"name":"(anonymous_3)","decl":{"start":{"line":15,"column":4},"end":{"line":15,"column":5}},"loc":{"start":{"line":15,"column":25},"end":{"line":21,"column":5}},"line":15},"4":{"name":"(anonymous_4)","decl":{"start":{"line":16,"column":37},"end":{"line":16,"column":38}},"loc":{"start":{"line":16,"column":44},"end":{"line":16,"column":57}},"line":16}},"branchMap":{"0":{"loc":{"start":{"line":17,"column":8},"end":{"line":19,"column":9}},"type":"if","locations":[{"start":{"line":17,"column":8},"end":{"line":19,"column":9}},{"start":{},"end":{}}],"line":17}},"s":{"0":1,"1":8,"2":8,"3":8,"4":8,"5":8,"6":10,"7":80,"8":10,"9":0,"10":0,"11":0,"12":0,"13":0,"14":1,"15":1},"f":{"0":8,"1":10,"2":80,"3":0,"4":0},"b":{"0":[0,0]},"inputSourceMap":{"version":3,"file":"/usr/src/app/src/enum/rarity.ts","sources":["/usr/src/app/src/enum/rarity.ts"],"names":[],"mappings":";;AAEA,MAAqB,MAAM;IAYvB,YACoB,GAAW,EACX,IAAY,EACZ,KAAsB,EACtB,UAAkB,EAClB,QAAgB;QAJhB,QAAG,GAAH,GAAG,CAAQ;QACX,SAAI,GAAJ,IAAI,CAAQ;QACZ,UAAK,GAAL,KAAK,CAAiB;QACtB,eAAU,GAAV,UAAU,CAAQ;QAClB,aAAQ,GAAR,QAAQ,CAAQ;IACjC,CAAC;IAEG,MAAM,CAAC,SAAS;QACnB,MAAM,OAAO,GAAG,KAAK,EAAU,CAAC,MAAM,CAClC,GAAG,IAAI,CAAC,QAAQ,CAAC,GAAG,CAAC,CAAC,CAAS,EAAE,EAAE,CAAC,KAAK,CAAS,IAAI,CAAC,IAAI,CAAC,CAAC,CAAC,QAAQ,CAAC,CAAC,CAAC,IAAI,CAAC,CAAC,CAAC,CAAC,CACpF,CAAC;QAEF,OAAO,OAAO,CAAC,IAAI,CAAC,KAAK,CAAC,IAAI,CAAC,MAAM,EAAE,GAAG,OAAO,CAAC,MAAM,CAAC,CAAC,CAAC;IAC/D,CAAC;IAEM,MAAM,CAAC,QAAQ,CAAC,GAAW;QAC9B,MAAM,CAAC,GAAG,IAAI,CAAC,QAAQ,CAAC,IAAI,CAAC,CAAC,CAAC,EAAE,EAAE,CAAC,CAAC,CAAC,GAAG,KAAK,GAAG,CAAC,CAAC;QAEnD,IAAI,CAAC,KAAK,SAAS,EAAE,CAAC;YAClB,MAAM,IAAI,KAAK,CAAC,UAAU,GAAG,2BAA2B,CAAC,CAAC;QAC9D,CAAC;QAED,OAAO,CAAC,CAAC;IACb,CAAC;;AAnCe,eAAQ,GAAG;IACvB,IAAI,MAAM,CAAC,MAAM,EAAE,UAAU,EAAE,SAAS,EAAE,CAAC,EAAE,EAAE,CAAC;IAChD,IAAI,MAAM,CAAC,QAAQ,EAAE,QAAQ,EAAE,OAAO,EAAE,GAAG,EAAE,EAAE,CAAC;IAChD,IAAI,MAAM,CAAC,UAAU,EAAE,YAAY,EAAE,WAAW,EAAE,GAAG,EAAE,EAAE,CAAC;IAC1D,IAAI,MAAM,CAAC,MAAM,EAAE,MAAM,EAAE,MAAM,EAAE,GAAG,EAAE,CAAC,CAAC;IAC1C,IAAI,MAAM,CAAC,MAAM,EAAE,QAAQ,EAAE,QAAQ,EAAE,CAAC,EAAE,CAAC,CAAC;IAC5C,IAAI,MAAM,CAAC,WAAW,EAAE,YAAY,EAAE,MAAM,EAAE,GAAG,EAAE,GAAG,CAAC;IACvD,IAAI,MAAM,CAAC,UAAU,EAAE,QAAQ,EAAE,OAAO,EAAE,GAAG,EAAE,IAAI,CAAC;IACpD,IAAI,MAAM,CAAC,QAAQ,EAAE,QAAQ,EAAE,eAAe,EAAE,CAAC,EAAE,IAAI,CAAC;CAC3D,CAAC;kBAVe,MAAM","sourcesContent":["import { ColorResolvable } from 'discord.js';\n\nexport default class Rarity {\n    static readonly RARITIES = [\n        new Rarity('POOR', 'Médiocre', 'Default', 1, 50),\n        new Rarity('COMMON', 'Commun', 'Green', 1.2, 30),\n        new Rarity('UNCOMMON', 'Peu commun', 'DarkGreen', 1.4, 10),\n        new Rarity('RARE', 'Rare', 'Blue', 1.7, 5),\n        new Rarity('EPIC', 'Epique', 'Purple', 2, 3),\n        new Rarity('LEGENDARY', 'Légendaire', 'Gold', 2.3, 1.5),\n        new Rarity('ULTIMATE', 'Ultime', 'White', 2.6, 0.05),\n        new Rarity('DIVINE', 'Divine', 'NotQuiteBlack', 3, 0.05),\n    ];\n\n    private constructor(\n        public readonly key: string,\n        public readonly name: string,\n        public readonly color: ColorResolvable,\n        public readonly multiplier: number,\n        public readonly dropRate: number,\n    ) {}\n\n    public static getRandom(): Rarity {\n        const weights = Array<Rarity>().concat(\n            ...this.RARITIES.map((r: Rarity) => Array<Rarity>(Math.ceil(r.dropRate)).fill(r)),\n        );\n\n        return weights[Math.floor(Math.random() * weights.length)];\n    }\n\n    public static getByKey(key: string): Rarity {\n        const r = this.RARITIES.find((r) => r.key === key);\n\n        if (r === undefined) {\n            throw new Error(`La clé ${key} n'existe pas dans Rarity`);\n        }\n\n        return r;\n    }\n}\n"]},"_coverageSchema":"1a1c01bbd47fc00a2c39e90264f33305004495a9","hash":"9353ce9448354ddca229bc5cabc4a19ecf6f540a"},"/usr/src/app/src/libs/montage/StuffMontage.ts":{"path":"/usr/src/app/src/libs/montage/StuffMontage.ts","statementMap":{"0":{"start":{"line":2,"column":22},"end":{"line":12,"column":3}},"1":{"start":{"line":3,"column":4},"end":{"line":3,"column":33}},"2":{"start":{"line":3,"column":26},"end":{"line":3,"column":33}},"3":{"start":{"line":4,"column":15},"end":{"line":4,"column":52}},"4":{"start":{"line":5,"column":4},"end":{"line":7,"column":5}},"5":{"start":{"line":6,"column":6},"end":{"line":6,"column":68}},"6":{"start":{"line":6,"column":51},"end":{"line":6,"column":63}},"7":{"start":{"line":8,"column":4},"end":{"line":8,"column":39}},"8":{"start":{"line":10,"column":4},"end":{"line":10,"column":33}},"9":{"start":{"line":10,"column":26},"end":{"line":10,"column":33}},"10":{"start":{"line":11,"column":4},"end":{"line":11,"column":17}},"11":{"start":{"line":13,"column":25},"end":{"line":17,"column":2}},"12":{"start":{"line":14,"column":4},"end":{"line":14,"column":72}},"13":{"start":{"line":16,"column":4},"end":{"line":16,"column":21}},"14":{"start":{"line":18,"column":19},"end":{"line":24,"column":1}},"15":{"start":{"line":19,"column":4},"end":{"line":19,"column":42}},"16":{"start":{"line":19,"column":31},"end":{"line":19,"column":42}},"17":{"start":{"line":20,"column":17},"end":{"line":20,"column":19}},"18":{"start":{"line":21,"column":4},"end":{"line":21,"column":141}},"19":{"start":{"line":21,"column":21},"end":{"line":21,"column":141}},"20":{"start":{"line":21,"column":40},"end":{"line":21,"column":141}},"21":{"start":{"line":21,"column":109},"end":{"line":21,"column":141}},"22":{"start":{"line":22,"column":4},"end":{"line":22,"column":36}},"23":{"start":{"line":23,"column":4},"end":{"line":23,"column":18}},"24":{"start":{"line":25,"column":0},"end":{"line":25,"column":62}},"25":{"start":{"line":26,"column":11},"end":{"line":26,"column":38}},"26":{"start":{"line":27,"column":13},"end":{"line":27,"column":42}},"27":{"start":{"line":28,"column":17},"end":{"line":28,"column":34}},"28":{"start":{"line":29,"column":15},"end":{"line":29,"column":48}},"29":{"start":{"line":32,"column":26},"end":{"line":32,"column":54}},"30":{"start":{"line":33,"column":8},"end":{"line":35,"column":9}},"31":{"start":{"line":34,"column":12},"end":{"line":34,"column":29}},"32":{"start":{"line":36,"column":8},"end":{"line":36,"column":39}},"33":{"start":{"line":37,"column":8},"end":{"line":37,"column":25}},"34":{"start":{"line":40,"column":23},"end":{"line":40,"column":59}},"35":{"start":{"line":41,"column":20},"end":{"line":41,"column":43}},"36":{"start":{"line":42,"column":25},"end":{"line":42,"column":51}},"37":{"start":{"line":43,"column":26},"end":{"line":43,"column":65}},"38":{"start":{"line":44,"column":8},"end":{"line":44,"column":39}},"39":{"start":{"line":45,"column":22},"end":{"line":45,"column":46}},"40":{"start":{"line":46,"column":8},"end":{"line":61,"column":12}},"41":{"start":{"line":47,"column":12},"end":{"line":49,"column":13}},"42":{"start":{"line":48,"column":16},"end":{"line":48,"column":23}},"43":{"start":{"line":50,"column":27},"end":{"line":50,"column":41}},"44":{"start":{"line":51,"column":12},"end":{"line":53,"column":13}},"45":{"start":{"line":52,"column":16},"end":{"line":52,"column":44}},"46":{"start":{"line":54,"column":30},"end":{"line":54,"column":69}},"47":{"start":{"line":55,"column":12},"end":{"line":60,"column":13}},"48":{"start":{"line":56,"column":16},"end":{"line":56,"column":63}},"49":{"start":{"line":59,"column":16},"end":{"line":59,"column":63}},"50":{"start":{"line":62,"column":23},"end":{"line":62,"column":51}},"51":{"start":{"line":63,"column":8},"end":{"line":63,"column":63}},"52":{"start":{"line":66,"column":8},"end":{"line":66,"column":59}},"53":{"start":{"line":69,"column":0},"end":{"line":69,"column":31}}},"fnMap":{"0":{"name":"(anonymous_0)","decl":{"start":{"line":2,"column":74},"end":{"line":2,"column":75}},"loc":{"start":{"line":2,"column":96},"end":{"line":9,"column":1}},"line":2},"1":{"name":"(anonymous_1)","decl":{"start":{"line":6,"column":38},"end":{"line":6,"column":39}},"loc":{"start":{"line":6,"column":49},"end":{"line":6,"column":65}},"line":6},"2":{"name":"(anonymous_2)","decl":{"start":{"line":9,"column":6},"end":{"line":9,"column":7}},"loc":{"start":{"line":9,"column":28},"end":{"line":12,"column":1}},"line":9},"3":{"name":"(anonymous_3)","decl":{"start":{"line":13,"column":80},"end":{"line":13,"column":81}},"loc":{"start":{"line":13,"column":95},"end":{"line":15,"column":1}},"line":13},"4":{"name":"(anonymous_4)","decl":{"start":{"line":15,"column":5},"end":{"line":15,"column":6}},"loc":{"start":{"line":15,"column":20},"end":{"line":17,"column":1}},"line":15},"5":{"name":"(anonymous_5)","decl":{"start":{"line":18,"column":50},"end":{"line":18,"column":51}},"loc":{"start":{"line":18,"column":65},"end":{"line":24,"column":1}},"line":18},"6":{"name":"(anonymous_6)","decl":{"start":{"line":31,"column":4},"end":{"line":31,"column":5}},"loc":{"start":{"line":31,"column":32},"end":{"line":38,"column":5}},"line":31},"7":{"name":"(anonymous_7)","decl":{"start":{"line":39,"column":4},"end":{"line":39,"column":5}},"loc":{"start":{"line":39,"column":37},"end":{"line":64,"column":5}},"line":39},"8":{"name":"(anonymous_8)","decl":{"start":{"line":46,"column":36},"end":{"line":46,"column":37}},"loc":{"start":{"line":46,"column":52},"end":{"line":61,"column":9}},"line":46},"9":{"name":"(anonymous_9)","decl":{"start":{"line":65,"column":4},"end":{"line":65,"column":5}},"loc":{"start":{"line":65,"column":35},"end":{"line":67,"column":5}},"line":65}},"branchMap":{"0":{"loc":{"start":{"line":2,"column":22},"end":{"line":12,"column":3}},"type":"binary-expr","locations":[{"start":{"line":2,"column":23},"end":{"line":2,"column":27}},{"start":{"line":2,"column":31},"end":{"line":2,"column":51}},{"start":{"line":2,"column":57},"end":{"line":12,"column":2}}],"line":2},"1":{"loc":{"start":{"line":2,"column":57},"end":{"line":12,"column":2}},"type":"cond-expr","locations":[{"start":{"line":2,"column":74},"end":{"line":9,"column":1}},{"start":{"line":9,"column":6},"end":{"line":12,"column":1}}],"line":2},"2":{"loc":{"start":{"line":3,"column":4},"end":{"line":3,"column":33}},"type":"if","locations":[{"start":{"line":3,"column":4},"end":{"line":3,"column":33}},{"start":{},"end":{}}],"line":3},"3":{"loc":{"start":{"line":5,"column":4},"end":{"line":7,"column":5}},"type":"if","locations":[{"start":{"line":5,"column":4},"end":{"line":7,"column":5}},{"start":{},"end":{}}],"line":5},"4":{"loc":{"start":{"line":5,"column":8},"end":{"line":5,"column":85}},"type":"binary-expr","locations":[{"start":{"line":5,"column":8},"end":{"line":5,"column":13}},{"start":{"line":5,"column":18},"end":{"line":5,"column":84}}],"line":5},"5":{"loc":{"start":{"line":5,"column":18},"end":{"line":5,"column":84}},"type":"cond-expr","locations":[{"start":{"line":5,"column":34},"end":{"line":5,"column":47}},{"start":{"line":5,"column":50},"end":{"line":5,"column":84}}],"line":5},"6":{"loc":{"start":{"line":5,"column":50},"end":{"line":5,"column":84}},"type":"binary-expr","locations":[{"start":{"line":5,"column":50},"end":{"line":5,"column":63}},{"start":{"line":5,"column":67},"end":{"line":5,"column":84}}],"line":5},"7":{"loc":{"start":{"line":10,"column":4},"end":{"line":10,"column":33}},"type":"if","locations":[{"start":{"line":10,"column":4},"end":{"line":10,"column":33}},{"start":{},"end":{}}],"line":10},"8":{"loc":{"start":{"line":13,"column":25},"end":{"line":17,"column":2}},"type":"binary-expr","locations":[{"start":{"line":13,"column":26},"end":{"line":13,"column":30}},{"start":{"line":13,"column":34},"end":{"line":13,"column":57}},{"start":{"line":13,"column":63},"end":{"line":17,"column":1}}],"line":13},"9":{"loc":{"start":{"line":13,"column":63},"end":{"line":17,"column":1}},"type":"cond-expr","locations":[{"start":{"line":13,"column":80},"end":{"line":15,"column":1}},{"start":{"line":15,"column":5},"end":{"line":17,"column":1}}],"line":13},"10":{"loc":{"start":{"line":18,"column":19},"end":{"line":24,"column":1}},"type":"binary-expr","locations":[{"start":{"line":18,"column":20},"end":{"line":18,"column":24}},{"start":{"line":18,"column":28},"end":{"line":18,"column":45}},{"start":{"line":18,"column":50},"end":{"line":24,"column":1}}],"line":18},"11":{"loc":{"start":{"line":19,"column":4},"end":{"line":19,"column":42}},"type":"if","locations":[{"start":{"line":19,"column":4},"end":{"line":19,"column":42}},{"start":{},"end":{}}],"line":19},"12":{"loc":{"start":{"line":19,"column":8},"end":{"line":19,"column":29}},"type":"binary-expr","locations":[{"start":{"line":19,"column":8},"end":{"line":19,"column":11}},{"start":{"line":19,"column":15},"end":{"line":19,"column":29}}],"line":19},"13":{"loc":{"start":{"line":21,"column":4},"end":{"line":21,"column":141}},"type":"if","locations":[{"start":{"line":21,"column":4},"end":{"line":21,"column":141}},{"start":{},"end":{}}],"line":21},"14":{"loc":{"start":{"line":21,"column":40},"end":{"line":21,"column":141}},"type":"if","locations":[{"start":{"line":21,"column":40},"end":{"line":21,"column":141}},{"start":{},"end":{}}],"line":21},"15":{"loc":{"start":{"line":21,"column":44},"end":{"line":21,"column":107}},"type":"binary-expr","locations":[{"start":{"line":21,"column":44},"end":{"line":21,"column":59}},{"start":{"line":21,"column":63},"end":{"line":21,"column":107}}],"line":21},"16":{"loc":{"start":{"line":33,"column":8},"end":{"line":35,"column":9}},"type":"if","locations":[{"start":{"line":33,"column":8},"end":{"line":35,"column":9}},{"start":{},"end":{}}],"line":33},"17":{"loc":{"start":{"line":47,"column":12},"end":{"line":49,"column":13}},"type":"if","locations":[{"start":{"line":47,"column":12},"end":{"line":49,"column":13}},{"start":{},"end":{}}],"line":47},"18":{"loc":{"start":{"line":47,"column":16},"end":{"line":47,"column":61}},"type":"binary-expr","locations":[{"start":{"line":47,"column":16},"end":{"line":47,"column":29}},{"start":{"line":47,"column":33},"end":{"line":47,"column":61}}],"line":47},"19":{"loc":{"start":{"line":51,"column":12},"end":{"line":53,"column":13}},"type":"if","locations":[{"start":{"line":51,"column":12},"end":{"line":53,"column":13}},{"start":{},"end":{}}],"line":51},"20":{"loc":{"start":{"line":55,"column":12},"end":{"line":60,"column":13}},"type":"if","locations":[{"start":{"line":55,"column":12},"end":{"line":60,"column":13}},{"start":{"line":58,"column":17},"end":{"line":60,"column":13}}],"line":55}},"s":{"0":1,"1":119,"2":119,"3":119,"4":119,"5":114,"6":4,"7":119,"8":0,"9":0,"10":0,"11":1,"12":2,"13":0,"14":1,"15":2,"16":0,"17":2,"18":2,"19":2,"20":119,"21":119,"22":2,"23":2,"24":1,"25":1,"26":1,"27":1,"28":1,"29":1,"30":1,"31":1,"32":0,"33":0,"34":1,"35":1,"36":1,"37":1,"38":1,"39":1,"40":1,"41":8,"42":7,"43":1,"44":1,"45":0,"46":1,"47":1,"48":1,"49":0,"50":1,"51":1,"52":2,"53":1},"f":{"0":119,"1":4,"2":0,"3":2,"4":0,"5":2,"6":1,"7":1,"8":8,"9":2},"b":{"0":[1,1,1],"1":[1,0],"2":[119,0],"3":[114,5],"4":[119,119],"5":[5,114],"6":[114,5],"7":[0,0],"8":[1,1,1],"9":[1,0],"10":[1,1,1],"11":[0,2],"12":[2,2],"13":[2,0],"14":[119,0],"15":[119,119],"16":[1,0],"17":[7,1],"18":[8,1],"19":[0,1],"20":[1,0]},"inputSourceMap":{"version":3,"file":"/usr/src/app/src/libs/montage/StuffMontage.ts","sources":["/usr/src/app/src/libs/montage/StuffMontage.ts"],"names":[],"mappings":";;;;;;;;;;;;;;;;;;;;;;;;;AACA,uCAAyB;AACzB,2CAA6B;AAC7B,mCAAiD;AACjD,iDAAgD;AAEhD,MAAqB,YAAY;IACtB,MAAM,CAAC,KAAK,CAAC,QAAQ,CAAC,IAAU;QACnC,MAAM,SAAS,GAAG,IAAI,CAAC,iBAAiB,CAAC,IAAI,CAAC,CAAC;QAE/C,IAAI,EAAE,CAAC,UAAU,CAAC,SAAS,CAAC,EAAE,CAAC;YAC3B,OAAO,SAAS,CAAC;QACrB,CAAC;QAED,MAAM,IAAI,CAAC,aAAa,CAAC,IAAI,CAAC,CAAC;QAE/B,OAAO,SAAS,CAAC;IACrB,CAAC;IAKM,MAAM,CAAC,KAAK,CAAC,aAAa,CAAC,IAAU;QACxC,MAAM,MAAM,GAAG,IAAA,qBAAY,EAAC,GAAG,EAAE,GAAG,CAAC,CAAC;QACtC,MAAM,GAAG,GAAG,MAAM,CAAC,UAAU,CAAC,IAAI,CAAC,CAAC;QAEpC,MAAM,QAAQ,GAAG,MAAM,IAAI,CAAC,IAAI,CAAC,QAAQ,EAAE,CAAC;QAC5C,MAAM,SAAS,GAAG,MAAM,IAAA,kBAAS,EAAC,QAAQ,CAAC,CAAC;QAE5C,GAAG,CAAC,SAAS,CAAC,SAAS,EAAE,CAAC,EAAE,CAAC,CAAC,CAAC;QAE/B,MAAM,KAAK,GAAG,IAAI,CAAC,KAAK,CAAC,WAAW,EAAE,CAAC;QAEvC,MAAM,OAAO,CAAC,GAAG,CACb,KAAK,CAAC,GAAG,CAAC,KAAK,EAAE,IAAI,EAAE,EAAE;YACrB,IAAI,IAAI,KAAK,IAAI,IAAI,IAAI,CAAC,SAAS,KAAK,SAAS,EAAE,CAAC;gBAChD,OAAO;YACX,CAAC;YAED,IAAI,QAAQ,GAAG,IAAI,CAAC,SAAS,CAAC;YAE9B,IAAI,IAAI,CAAC,IAAI,CAAC,MAAM,KAAK,aAAM,CAAC,KAAK,EAAE,CAAC;gBACpC,QAAQ,GAAG,IAAI,CAAC,WAAW,CAAC;YAChC,CAAC;YAED,MAAM,SAAS,GAAG,MAAM,IAAA,kBAAS,EAAC,QAAQ,CAAC,CAAC;YAE5C,IAAI,IAAI,CAAC,IAAI,CAAC,MAAM,KAAK,aAAM,CAAC,GAAG,EAAE,CAAC;gBAClC,GAAG,CAAC,SAAS,CAAC,SAAS,EAAE,CAAC,GAAG,EAAE,CAAC,EAAE,EAAE,GAAG,EAAE,IAAI,CAAC,CAAC;YACnD,CAAC;iBAAM,CAAC;gBACJ,GAAG,CAAC,SAAS,CAAC,SAAS,EAAE,CAAC,GAAG,EAAE,CAAC,EAAE,EAAE,GAAG,EAAE,IAAI,CAAC,CAAC;YACnD,CAAC;QACL,CAAC,CAAC,CACL,CAAC;QAGF,MAAM,MAAM,GAAG,MAAM,CAAC,QAAQ,CAAC,WAAW,CAAC,CAAC;QAC5C,EAAE,CAAC,aAAa,CAAC,IAAI,CAAC,iBAAiB,CAAC,IAAI,CAAC,EAAE,MAAM,CAAC,CAAC;IAC3D,CAAC;IAKO,MAAM,CAAC,iBAAiB,CAAC,IAAU;QACvC,OAAO,IAAI,CAAC,IAAI,CAAC,cAAc,EAAE,IAAI,CAAC,EAAE,GAAG,MAAM,CAAC,CAAC;IACvD,CAAC;CACJ;AA5DD,+BA4DC","sourcesContent":["import { User } from '../../models/user/user';\nimport * as fs from 'fs';\nimport * as path from 'path';\nimport { createCanvas, loadImage } from 'canvas';\nimport { Gender } from '../../models/user/skin';\n\nexport default class StuffMontage {\n    public static async getImage(user: User): Promise<string> {\n        const imagePath = this.getStuffImagePath(user);\n\n        if (fs.existsSync(imagePath)) {\n            return imagePath;\n        }\n\n        await this.generateImage(user);\n\n        return imagePath;\n    }\n\n    /**\n     * Génère une image en fonction d'un skin\n     */\n    public static async generateImage(user: User): Promise<void> {\n        const canvas = createCanvas(350, 900);\n        const ctx = canvas.getContext('2d');\n\n        const skinPath = await user.skin.getImage();\n        const skinImage = await loadImage(skinPath);\n\n        ctx.drawImage(skinImage, 0, 0);\n\n        const items = user.stuff.getAllItems();\n\n        await Promise.all(\n            items.map(async (item) => {\n                if (item === null || item.asset_men === undefined) {\n                    return;\n                }\n\n                let itemPath = item.asset_men;\n\n                if (user.skin.gender === Gender.Women) {\n                    itemPath = item.asset_women;\n                }\n\n                const itemImage = await loadImage(itemPath);\n\n                if (user.skin.gender === Gender.Men) {\n                    ctx.drawImage(itemImage, -201, -35, 683, 1010);\n                } else {\n                    ctx.drawImage(itemImage, -205, -12, 687, 1010);\n                }\n            }),\n        );\n\n        // Génération de l'image\n        const buffer = canvas.toBuffer('image/png');\n        fs.writeFileSync(this.getStuffImagePath(user), buffer);\n    }\n\n    /**\n     * Retourne le chemin de l'image en fonction du skin\n     */\n    private static getStuffImagePath(user: User) {\n        return path.join('public/stuff', user.id + '.png');\n    }\n}\n"]},"_coverageSchema":"1a1c01bbd47fc00a2c39e90264f33305004495a9","hash":"b8cf833111eb92a77dde7da57f2bc9c7355c74a8"}}